2026-01-01 21:07:54;ChangeCustomerDataEvent;516f33d2-3431-481d-a633-95b5af2a1ee8;81a79a52-7e37-4205-8849-265e95cffd4d
2026-01-01 21:07:58;ValueReceivedEvent;92f51473-39c2-4420-acbf-8e63fd7ae779;3e903369-773c-47f9-877c-ec56c792ba86
2026-01-01 21:09:57;ChangeCustomerDataEvent;aa8549c4-779d-4b4b-9236-27a186d57c2a;da7e2dc7-85cc-453e-badc-82c618fb2eb9
2026-01-01 21:09:58;ValueReceivedEvent;92f51473-39c2-4420-acbf-8e63fd7ae779;047d69aa-df49-407c-a6ca-8f79e0b648d1
2026-01-01 21:11:07;BrokerConnectionEvent;BrokerConnectionEvent;d8774973-e93d-4361-88b7-2071d5636b0c
2026-01-01 21:11:07;SystemStartingEvent;5e9ba8a0-3446-4e34-90f5-97be34bc5663;b34c8d44-d1a3-421d-8440-4e073d4b95cb
2026-01-01 21:11:07;TopicBoundEvent;2632286e-6baf-4805-a2cc-7a632f52a7e7;2707cb7f-9b17-4eaf-bc9c-978e471f64d8
2026-01-01 21:11:07;TopicBoundEvent;81aa4167-87da-43d8-ada5-0ea117c7a42c;e6461304-7394-464f-914e-098d6bf9d52a
2026-01-01 21:11:07;CustomerLoadedEvent;2632286e-6baf-4805-a2cc-7a632f52a7e7;ef616781-1b80-40f8-9df9-76ae28512990
2026-01-01 21:11:07;TopicBoundEvent;01314eac-b774-42e1-ba26-c7522e069fc4;0a43d77b-6fc2-4c33-9ca3-36475382ac8a
2026-01-01 21:11:07;MqttMessageReceivedEvent;64435a64-f65d-40f3-a1d5-fe033662b807;cfd644a3-b746-40cd-a267-ba77860f66b6
2026-01-01 21:11:07;TopicBoundEvent;815cb071-7dd6-40d5-aec3-497ecbbcdb24;ca483589-0c32-4272-a725-9f17ef7ee53b
2026-01-01 21:11:07;TopicBoundEvent;4f3e70d7-bb2d-4424-8937-39ff7591dea0;f824ca7b-fc89-434b-ba4e-42d32a8d0078
2026-01-01 21:11:07;MqttMessageReceivedEvent;64435a64-f65d-40f3-a1d5-fe033662b807;c4ae18b6-82e0-4da6-bb3b-d6f89bbb758a
2026-01-01 21:11:07;CacheReadyEvent;815cb071-7dd6-40d5-aec3-497ecbbcdb24;b14e8ab3-985b-4ef7-9d08-0d6e3408a2d8
2026-01-01 21:11:07;TopicBoundEvent;1b428ac0-812f-4e57-abdf-cdb98660b826;f42b7e0e-faf7-44ec-8252-bbbd2a841db2
2026-01-01 21:11:07;TopicBoundEvent;63a8172f-0acb-4abd-91f1-c32f55850252;22edd98e-2280-49a5-88d9-b39131185474
2026-01-01 21:11:07;TopicBoundEvent;23cf5295-224f-47b0-9c6f-9723aaefd90a;f52ed196-a953-423e-af1b-3b01f111d105
2026-01-01 21:11:07;TopicBoundEvent;f3ecc33c-f197-4414-bd05-f3a833ef7e33;9a86c504-5eea-4c65-8910-e7b7f18c315a
2026-01-01 21:11:07;TopicBoundEvent;4ebda2d4-ef48-4df9-b3d0-e303dc6775b7;073f49ee-220c-49c2-ac5b-01450cdf4043
2026-01-01 21:11:07;TopicBoundEvent;7f79c3ce-2035-4cf2-908f-978c7e1624d6;3f4da388-fe10-474d-86f5-43b3d054dcd9
2026-01-01 21:11:07;TopicBoundEvent;574dd288-ebbc-408b-8a8c-0f6205f8779b;1d9f4be7-c7de-4b12-aa52-764ceb544fc9
2026-01-01 21:11:07;TopicBoundEvent;51f994e1-8ae1-478b-89df-bd1b2193a7d0;966e4458-2e21-4f61-b4c7-cefd8348d790
2026-01-01 21:11:07;TopicBoundEvent;c3bb1bc9-7de7-4dd0-a2ec-7789596e4fe5;99e2fa44-100e-4843-9df6-0050bc870209
2026-01-01 21:11:07;TopicBoundEvent;d035404e-902a-4318-96cc-8faae72b3ef0;75782448-41cf-41c0-9f2e-2dd14795dbce
2026-01-01 21:11:07;TopicBoundEvent;97598eb8-def7-4050-8062-16e1d130cd48;83b0d1a5-7366-48bf-8f5d-6e1fb6accc91
2026-01-01 21:11:07;TopicBoundEvent;6cefa146-6ce7-4543-8e83-853f0804b188;ea5457e1-6c2a-4c12-868e-60901933f445
2026-01-01 21:11:07;TopicBoundEvent;b49e2752-145b-46b0-a99e-8bad1528b498;b24dc67f-8c6c-4562-8058-6104fd5c834c
2026-01-01 21:11:07;TopicBoundEvent;e00d81f5-9fed-4a41-b1a6-8f9e59593eba;6ef85aeb-d75b-4ab1-9926-7e4f2e6cf2e4
2026-01-01 21:11:07;TopicBoundEvent;680825b8-2a40-4c77-a899-f435d9193e25;3c619006-165e-4df2-ad78-5c51a259719c
2026-01-01 21:11:07;TopicBoundEvent;297aa3d1-e18c-4534-bcf0-9d04cfce9b73;30a0dae9-93dc-4672-8385-fe700dd75c6c
2026-01-01 21:11:07;TopicBoundEvent;e0fb6bec-fcd5-4b17-9554-4ac65dad6d3f;b447d4c5-07e3-4a3c-8ff6-3b14b7a1fb57
2026-01-01 21:11:07;TopicBoundEvent;20518a60-e961-4a75-a694-f30bf0a91781;1b80c472-7f56-4ef1-b956-92a3f90facb2
2026-01-01 21:11:07;TopicBoundEvent;dd5be09f-ed1a-4239-81c9-437ed9e44c10;a3594ebc-058a-4a3b-bef4-167c237ce524
2026-01-01 21:11:07;TopicBoundEvent;8de28bf1-925f-4763-9377-59d58b5aa94d;5fac4288-76c5-40be-83b2-12de5a68c251
2026-01-01 21:11:07;TopicBoundEvent;9a10d690-8ebd-45f5-a752-661f2d656da0;95ffa68d-23c5-496f-b23a-3660b6c9e5d9
2026-01-01 21:11:07;TopicBoundEvent;0077c365-545b-49c6-8562-a8d850327d35;a59d9e6c-5b93-43c1-b82a-86838a145e00
2026-01-01 21:11:07;TopicBoundEvent;d4cf3453-1e01-493c-b98f-1624bda92753;8c38685a-ccc0-46ed-91b0-5bb941c76314
2026-01-01 21:11:07;TopicBoundEvent;b5433ff4-53aa-479c-b4c6-f4f2d2bf6ce5;18dff20a-525e-46e0-b7e3-bab32f8864ca
2026-01-01 21:11:07;TopicBoundEvent;a2b42726-eb5f-4ce0-9fcb-9de1b336bf71;177677f8-d78e-47aa-9aa1-37079c4e5149
2026-01-01 21:11:07;TopicBoundEvent;29ea2a33-97f8-4104-9804-a49782c46819;4013b89b-52a0-4a7a-a68e-71b0a8f3dee2
2026-01-01 21:11:07;TopicBoundEvent;37c7b6b8-2242-4ee1-9f5f-81ef86ac2ac7;afef8abc-a3fe-409f-adea-6d0045805efc
2026-01-01 21:11:07;TopicBoundEvent;82d45c23-ae63-4dfb-98e4-527dbf3c3c7d;913f5f0f-d7a9-43da-a09f-7d066ee1cffc
2026-01-01 21:11:07;TopicBoundEvent;4dd5de07-218e-4fc6-abdb-e01fb328ee9b;fc6efb89-71bc-4625-8188-9ee9818596be
2026-01-01 21:11:07;TopicBoundEvent;03d18095-7622-4704-a5ef-a2833e39cbce;af8afc1b-ae86-4716-816c-7de90fe8ef7f
2026-01-01 21:11:07;TopicBoundEvent;6b40002f-2ba9-45a4-b9e4-1126421f478e;df4c2b34-e9a6-4a75-b825-54278477d410
2026-01-01 21:11:07;TopicBoundEvent;8cdf42ec-4fdf-455f-b1a4-8029ae7144b3;a6dc8414-0d48-4200-b1b4-b2f50153b794
2026-01-01 21:11:07;TopicBoundEvent;d7ae8c09-1702-4422-8625-358c6fcbf5f3;e0676416-7323-4fdb-a0d6-a46d8d84a3a7
2026-01-01 21:11:07;TopicBoundEvent;fc08e658-4412-443d-baca-0543cea6a6b6;2a26e53d-000c-406c-ad01-1305bbe746e9
2026-01-01 21:11:07;TopicBoundEvent;ba2edeb2-d44f-4203-9cd2-49fb0c7036ef;c2af905d-2bb6-4df0-8405-ec74da0bf304
2026-01-01 21:11:07;ValueReceivedEvent;64435a64-f65d-40f3-a1d5-fe033662b807;2f97b114-add5-47e4-a74b-cd6e47b455f9
2026-01-01 21:11:07;CacheReadyEvent;ba2edeb2-d44f-4203-9cd2-49fb0c7036ef;402194a5-1804-459e-acda-c803fa3c7ce9
2026-01-01 21:11:07;TopicBoundEvent;ce449276-a0fd-4cfe-91a5-5461b4b9c7e5;7458a5c5-285b-421e-9e37-d0ea77a461a8
2026-01-01 21:11:07;TopicBoundEvent;201e8e57-4c22-4211-a54a-2c3fbbc4e4ba;60590530-7b09-4935-9017-a42f5571c628
2026-01-01 21:11:07;TopicBoundEvent;ec60c75c-64b6-472c-9c15-bf91e3996de8;b4e026ec-a510-4871-b3c9-b6d53dd3258a
2026-01-01 21:11:07;TopicBoundEvent;0b10f95c-a9dc-4cbf-aabd-1c3b1a24fe50;2d76abac-10ea-4e22-b7d6-0aac303c4eca
2026-01-01 21:11:07;TopicBoundEvent;0afa6f74-b268-41fa-be2e-2f9369376ade;ac11bf10-4374-4501-beca-495f12155f08
2026-01-01 21:11:07;TopicBoundEvent;cec2b855-32bb-47f2-8954-212241e4ca45;48719560-571c-47e2-a012-0b275abb1e25
2026-01-01 21:11:07;TopicBoundEvent;892eca4b-d6f5-4cef-8026-dbc230844fc1;a803224f-da26-4afc-9b3c-3a48f65affc0
2026-01-01 21:11:07;TopicBoundEvent;015007c0-9c0d-433e-8233-67acdc95629d;253ef7f9-c1d3-426d-ab51-65f9128ecd2d
2026-01-01 21:11:07;TopicBoundEvent;d14fce1d-ce4c-4871-bf7c-4305292175aa;de8489dd-bb16-49bf-a3d7-5c91a9aa14fc
2026-01-01 21:11:07;TopicBoundEvent;975ec13f-c6c0-46b0-ad71-cd99ed1ed41e;e15f84e3-a10c-4215-9482-1388fcf91224
2026-01-01 21:11:07;TopicBoundEvent;bc802b29-08de-4b28-af1c-28a9abd5ab20;a565eccb-49c4-47f1-ab82-e0e3765b38a8
2026-01-01 21:11:07;TopicBoundEvent;f138bb6e-b7c2-416c-839b-ed6fc38abd57;b5486870-1d6d-4f0b-93e0-088f917372df
2026-01-01 21:11:07;TopicBoundEvent;4b86bcdf-9267-4355-bca9-7b51c0e75f8a;1f9bfffc-4575-4ea7-9be5-9a2d870d5038
2026-01-01 21:11:07;RequestCustomerValueEnrichmentEvent;64435a64-f65d-40f3-a1d5-fe033662b807;45859dba-6318-4d99-8214-60c168c01575
2026-01-01 21:11:07;TopicBoundEvent;46c0d329-c91e-4e5c-b146-98efeb5698a7;5e982c6e-1412-4d20-8f61-b0bdeb5d9837
2026-01-01 21:11:07;TopicBoundEvent;36df44d2-580d-4409-b03d-05d2dd8f206f;5aeed504-a1fe-46de-a6fc-acc47f6f91f0
2026-01-01 21:11:07;TopicBoundEvent;699597d1-15d0-4acd-a468-97e5105b688f;e03d32ef-491f-4df6-9a26-0c96ec254c4d
2026-01-01 21:11:07;TopicBoundEvent;0b324fc9-10e3-4569-a668-ef90773e9776;a3d5c05c-3ec7-4850-ac29-2fe4278a0ff4
2026-01-01 21:11:07;TopicBoundEvent;1126ddfa-72c8-424f-bff4-0aa4f52811ca;f1b9c8ec-ddb2-428e-a61e-069bf60690f4
2026-01-01 21:11:07;TopicBoundEvent;298c07ed-f069-4431-a262-9398b3ca7e0f;063e01be-dff9-4487-9956-51bcca244da7
2026-01-01 21:11:07;TopicBoundEvent;6c4c7b3e-09a0-42a4-94b0-eea4346a81c0;b7f0fc08-631a-4513-b8a4-229db9488105
2026-01-01 21:11:07;TopicBoundEvent;beb84aba-09cb-4a30-8765-0fe738c18569;8f2e30fd-9900-4303-9458-d3b97217528d
2026-01-01 21:11:07;TopicBoundEvent;bc17d6c7-fa92-43fb-a31c-03c1b44fe7d1;590d0d44-3af3-4dd6-ae1c-dc19afbe5202
2026-01-01 21:11:07;TopicBoundEvent;75bfef8b-f09f-4b22-84f1-67d725a3f60b;48405b5d-4285-4dd3-a73a-b3343dbfc665
2026-01-01 21:11:07;CacheReadyEvent;75bfef8b-f09f-4b22-84f1-67d725a3f60b;1825546d-c16e-4091-b6b4-b377580571f2
2026-01-01 21:11:07;TopicBoundEvent;ea9cd8bb-bcdd-4ab9-bead-76aeafbad046;6ffb6845-de01-4270-94b2-e5cfeb70ce72
2026-01-01 21:11:07;TopicBoundEvent;4b94f48b-f579-4716-862d-d68e113c7ecd;fe01a571-bd63-4f74-92e7-985628c255e6
2026-01-01 21:11:07;TopicBoundEvent;2cb9fe80-9581-4495-bec2-bc59b0c67212;67b9f6f3-ca04-4bc2-83a7-74e521eac781
2026-01-01 21:11:07;TopicBoundEvent;3a98e8a1-ce4d-44b2-9dc5-f3c53e5adb9a;8ddfa2d3-6fae-461f-8dc3-60ca96bf550d
2026-01-01 21:11:07;MqttMessageReceivedEvent;64435a64-f65d-40f3-a1d5-fe033662b807;17c46b41-db4a-41fe-a8cf-60f5eed8fab3
2026-01-01 21:11:07;TopicBoundEvent;41a6d9dd-43f5-4a4c-90ce-39daf8b99a4c;52571023-4754-4922-bb2c-341ce7007d30
2026-01-01 21:11:07;TopicBoundEvent;433cbde0-38a4-46f5-a0e5-8c5b1d598637;d8342b9f-40cd-4442-ae52-73d90f664781
2026-01-01 21:11:07;TopicBoundEvent;9008dd7b-2378-4344-b82c-bece4ca95a29;613118e2-6203-4db9-8722-b4be7bacffc0
2026-01-01 21:11:07;TopicBoundEvent;08c9c29d-b6d2-4d3c-a39a-3dfc870325d2;113982fa-fae2-47e3-a921-79e5223f89e9
2026-01-01 21:11:07;TopicBoundEvent;8b5df72b-6bc1-425f-986c-096b243bfe88;607fe184-3a33-41a6-81ee-130c70643541
2026-01-01 21:11:07;TopicBoundEvent;59139696-9e19-4d1e-8596-30acb887e838;93d980bf-14b4-47e9-bc29-7f4528149e97
2026-01-01 21:11:07;TopicBoundEvent;723f27cb-2eb5-40da-97ce-c70e14884215;c80ff744-9f56-4946-8c1b-fcd627c14c1a
2026-01-01 21:11:07;TopicBoundEvent;e296b585-78a9-4423-9b13-bc882205af61;8ae47f65-b420-4d45-8d90-f3b05cdd2778
2026-01-01 21:11:07;TopicBoundEvent;1db7cd85-12da-4ad0-a126-4a1468647033;43cf5956-cf33-4a5d-b865-fcd77c6523c2
2026-01-01 21:11:07;TopicBoundEvent;2d261bbf-4f87-4ddd-b4e2-c468b5aa8889;60d112a6-2c34-404f-af97-a3996c635a62
2026-01-01 21:11:07;TopicBoundEvent;9e3b562c-f1cf-4959-9b2a-75e3e097d26e;a7118847-8e71-4af9-88ff-7c50390cf682
2026-01-01 21:11:07;TopicBoundEvent;17ceffc8-642f-41ce-88fb-1b740aa3b496;e445b399-2518-4dd2-852e-aa13826d1827
2026-01-01 21:11:07;TopicBoundEvent;36b6e7aa-0f53-4875-bea5-4225fca64259;ee457354-b678-4273-a4f3-ba5202ee1210
2026-01-01 21:11:07;TopicBoundEvent;cd1b90a2-03ed-4d7e-a65f-177a861f4587;33562f8f-7f05-48bc-ae67-318ffb9919be
2026-01-01 21:11:07;TopicBoundEvent;31e123e5-d128-49af-9b0f-bf34a9ac5e97;d2ed0ccf-1b51-4ef2-9598-8d1143c5a9c1
2026-01-01 21:11:07;TopicBoundEvent;31010669-87f8-48df-ab7d-fea43d3ba9c8;20225e1e-8124-4f34-90a2-e65f4fe8c179
2026-01-01 21:11:07;TopicBoundEvent;8ba531b4-2a83-4766-bd7a-9b60000b20c0;999a049e-df99-44fb-8052-29bf901a6d58
2026-01-01 21:11:07;TopicBoundEvent;6bf00b4d-e05c-4aed-95db-75c48b8b988e;121fd4fa-1a39-4505-b48e-7426cd42c0a4
2026-01-01 21:11:07;TopicBoundEvent;bb0a1f0a-fe64-4d02-ab05-81e28e063556;63790ca2-4b9b-4888-b378-9c4b57bc8cec
2026-01-01 21:11:07;TopicBoundEvent;21ff9b86-ca67-44be-9912-6042534ad842;6dbe7e00-bcd3-4c42-9be6-d1f17cbd342b
2026-01-01 21:11:07;TopicBoundEvent;e90d8470-e9af-4456-b772-f4c6fd1415db;a1e13a41-0587-4090-b906-55f1a5809538
2026-01-01 21:11:07;TopicBoundEvent;dd7f8807-d6ba-4d90-a4c4-39a561b2a4f5;15ccdb90-bf6b-4047-88d2-894197e1415c
2026-01-01 21:11:07;TopicBoundEvent;37dcd38a-af63-4e58-80f6-1adf3ba5d515;47d1f670-2da5-4487-8ac7-e66086d345dd
2026-01-01 21:11:07;TopicBoundEvent;5d1a02a0-3702-4cd2-bfd7-0eaf3da77a69;25943641-99ad-4d73-8ffd-42d8c6b79015
2026-01-01 21:11:07;TopicBoundEvent;90439581-a568-4f22-bdb9-059c03f6ba54;cbe9d0fb-b996-4ed8-9ecc-05e6c209ebfa
2026-01-01 21:11:07;TopicBoundEvent;f14f5bae-e954-4bd6-9100-5bbb40dd2c67;7848d7d6-c232-4a61-9452-0102b3d4f18e
2026-01-01 21:11:07;TopicBoundEvent;ce3e0036-45f6-402e-befc-0b5f8936d7bb;c73d97c7-95a8-4dea-be57-c7f63d3202b3
2026-01-01 21:11:07;TopicBoundEvent;e4953fb9-aca9-49b5-afe3-9b5d3e9be501;c3a92956-dbbb-4764-9bac-3bfe33b66eb4
2026-01-01 21:11:07;TopicBoundEvent;54a35072-864e-4acd-81f3-67d13cb99b98;62bbd91e-c689-4fb1-a720-d677540dfb72
2026-01-01 21:11:07;TopicBoundEvent;c94c9567-d004-494a-8bfd-7cde45c84b9c;5daef720-8ecc-4fe2-9eaf-1ed90c16cfd9
2026-01-01 21:11:07;TopicBoundEvent;37eab883-e084-4bd6-a3fc-359c933c8056;f0934ff0-f12a-44fa-91f3-e2deadd803a9
2026-01-01 21:11:07;TopicBoundEvent;8405185f-3f7a-4d8f-a20c-55937fad2dcf;ea8921f3-cd4b-405a-a0f8-3fc428b4f26c
2026-01-01 21:11:07;TopicBoundEvent;ca1348ed-f2cf-4718-b732-987e4168f8f9;3bd7b0aa-4d3d-482d-93cf-acadbcd6a932
2026-01-01 21:11:07;TopicBoundEvent;fc69a104-ec8f-4b4b-bc81-c32be893aff7;ca9a6968-8815-4a3a-ac64-1d23249ad761
2026-01-01 21:11:07;TopicBoundEvent;83f5f655-37ed-4ef0-a676-486608c1328d;196bbc52-2440-4bce-82f0-bd63a60a3f5e
2026-01-01 21:11:07;TopicBoundEvent;031f1fc9-3a97-43a1-b975-a8afcec3ee99;74b7515a-df7c-4303-947f-437348acd184
2026-01-01 21:11:07;TopicBoundEvent;6242c040-d99f-4d11-ad7e-11b72b8353ec;0ee3418f-e27e-4030-8b0a-72faea44f16d
2026-01-01 21:11:07;TopicBoundEvent;5e9ba8a0-3446-4e34-90f5-97be34bc5663;54812d95-08de-4a46-8adb-5dfd4270c0b7
2026-01-01 21:11:07;TopicBoundEvent;0cf3cc36-a4c7-458d-a216-9a1a5a9721f2;73c6311e-e582-424a-accc-d6af33932ea6
2026-01-01 21:11:07;MqttMessageReceivedEvent;64435a64-f65d-40f3-a1d5-fe033662b807;77aeca8e-9b7d-46df-9a5f-5deaa4db70b4
2026-01-01 21:11:07;TopicBoundEvent;86e5985a-3378-4043-bc72-09214f928be3;58a1d914-cf29-418b-8aab-699d29b5eb28
2026-01-01 21:11:07;MqttMessageReceivedEvent;64435a64-f65d-40f3-a1d5-fe033662b807;7ffe56e1-6178-4431-b536-354547d4ca7f
2026-01-01 21:11:07;TopicBoundEvent;c7ab8e1a-4591-43ba-9611-d6c289982651;6997b945-9b5c-48cc-b274-8a9ae2b87f28
2026-01-01 21:11:07;MqttMessageReceivedEvent;64435a64-f65d-40f3-a1d5-fe033662b807;f3b781a4-3e47-4635-9d0c-34e652028b46
2026-01-01 21:11:07;TopicBoundEvent;7290c3c5-2efe-4587-88a9-6af1c8b5e9e7;a90d5d7f-025d-442a-9ae5-66976aa340a7
2026-01-01 21:11:07;MqttMessageReceivedEvent;64435a64-f65d-40f3-a1d5-fe033662b807;5a740289-1be6-4d72-9ad4-d4691c358285
2026-01-01 21:11:10;ChangeCustomerDataEvent;ba91af74-a886-457a-af63-b0591f28b5fd;7a357c82-3add-4eb5-bbe6-8f72954f3f45
2026-01-01 21:11:13;ValueReceivedEvent;64435a64-f65d-40f3-a1d5-fe033662b807;a21161a8-4128-40c0-8b7d-825ddc1e2f35
2026-01-01 21:12:20;BrokerConnectionEvent;BrokerConnectionEvent;c675d614-c048-44ab-b2b4-5d652274035b
2026-01-01 21:12:20;SystemStartingEvent;6f4b5893-7da9-44fa-8417-e50825396f5b;a33cdf08-59af-44ad-ab53-71ccea43c240
2026-01-01 21:12:20;TopicBoundEvent;2f6d856b-2e50-4875-8b13-6bc4251c23c6;f2cb0d49-eeb7-4b8f-a2e0-687cd732cea9
2026-01-01 21:12:21;TopicBoundEvent;9bda6553-7426-4838-b5c4-a30ca5e2e212;7fe83956-7cea-4815-9518-aca2987ab003
2026-01-01 21:12:21;TopicBoundEvent;6665484c-73ce-4da6-92b3-b3e057dc8c4f;7955414b-406c-497c-bafb-f2e3d660f37c
2026-01-01 21:12:21;TopicBoundEvent;5bd7e645-c49f-4440-ba8d-4a91478eb601;a15fffc3-8243-4b8f-bb79-8a421e9fe46c
2026-01-01 21:12:21;CacheReadyEvent;6665484c-73ce-4da6-92b3-b3e057dc8c4f;a5c5dd18-4fe8-4638-a4ea-bf7c72827c17
2026-01-01 21:12:21;TopicBoundEvent;4971a86d-930c-424f-9b8d-1184ec2e7c2c;a1c7473f-e286-41da-b830-60522caab6d8
2026-01-01 21:12:21;TopicBoundEvent;e5f3e854-6def-49dd-b027-3499a705a66e;c93591ed-89d7-4f24-aa7f-478323397c1b
2026-01-01 21:12:21;MqttMessageReceivedEvent;e52878bb-a940-42b3-abab-92c43d1be0bd;93092db2-a311-4267-aa92-2c98bf997065
2026-01-01 21:12:21;TopicBoundEvent;1f5b5aa9-57cc-4348-9141-5bd4ee63cbc6;5b3f5134-a8c6-434e-b482-d975a4a82595
2026-01-01 21:12:21;TopicBoundEvent;a9187a5a-8b80-4d90-a9e2-05a7aba3b05e;1c1dd69a-3e58-4e99-a466-5cbe9f3f8d37
2026-01-01 21:12:21;MqttMessageReceivedEvent;e52878bb-a940-42b3-abab-92c43d1be0bd;d16b0ea9-f31a-4cdf-8f52-d930e32abffa
2026-01-01 21:12:21;TopicBoundEvent;1f5b5aa9-57cc-4348-9141-5bd4ee63cbc6;dc6ccd6b-fcc0-48ae-84be-e143ceca1541
2026-01-01 21:12:21;TopicBoundEvent;ac14bc1d-23ef-4b1f-b361-08fdcd0cf418;b0c32eeb-50ac-44ed-9951-cd0f76b4ab2f
2026-01-01 21:12:21;TopicBoundEvent;f81e5da1-014d-4333-93c3-504e6af199a3;9fb6f98f-a3d8-4301-bcbf-7df8d311e71d
2026-01-01 21:12:21;TopicBoundEvent;bddd78a3-d6a6-40bd-8902-5f95eb267ce6;fba04264-e7dd-4eda-9715-512e5086d5dc
2026-01-01 21:12:21;TopicBoundEvent;70c46f2d-b89d-440d-8670-a169e111efd3;de0bc9ba-22d1-4677-a523-6a71bffda4c1
2026-01-01 21:12:21;TopicBoundEvent;b10f60ed-3d3e-46ec-91f4-4af5a186cc33;44c64df3-7c67-49f8-ace4-9e7c22cddcff
2026-01-01 21:12:21;TopicBoundEvent;6e62b57c-5287-4283-b431-c50b4005b598;01625ab4-7e64-4e1c-b775-08853abb5224
2026-01-01 21:12:21;TopicBoundEvent;30e48678-bf8d-4012-b020-e66045c25286;8eddc05a-377c-4608-b2ad-c11e50957821
2026-01-01 21:12:21;TopicBoundEvent;e8fc5f24-d622-421a-9550-f4f42d54e0ca;4baf4ded-c92c-4a19-aef4-010b03f4cfb9
2026-01-01 21:12:21;TopicBoundEvent;719de0b0-72a7-41d5-ba1d-c99c97f62884;78ed4526-0cc6-428a-b5c0-8b26832da378
2026-01-01 21:12:21;TopicBoundEvent;e02ac358-c0bd-4ffb-942c-aea6bb595ff1;f676f1b4-789a-480f-b8a5-064a2047b7af
2026-01-01 21:12:21;TopicBoundEvent;2f6f57ec-f466-480e-bb82-5b7ef946915a;9573a369-eadf-4bcc-9fd1-7ca8aa134416
2026-01-01 21:12:21;TopicBoundEvent;fafec443-1c78-4f1f-826a-00e6b9173930;e1507736-6e5e-4d84-8452-b0ce5398c047
2026-01-01 21:12:21;TopicBoundEvent;1c05cc70-1bdb-4f4f-a8b6-8dce79d40013;c3341e52-d27b-4c49-bb65-36e602265acd
2026-01-01 21:12:21;TopicBoundEvent;fbd6ca6b-73eb-4a29-912c-c4aedaae4fe8;3170b7fa-4199-4570-aae6-ae3033d63f03
2026-01-01 21:12:21;TopicBoundEvent;8f427a0e-ef91-44e2-96b3-21999136274d;5b25a054-d7a6-451a-9954-59272cfc0412
2026-01-01 21:12:21;TopicBoundEvent;4d340932-c741-4930-8566-efef65a61b78;96023f8e-a529-4755-b0fe-eff34ff5df8c
2026-01-01 21:12:21;TopicBoundEvent;8580166e-436e-4431-b661-c33fde8a36c7;f38ce81f-b234-427f-88a4-4b99fca8c223
2026-01-01 21:12:21;TopicBoundEvent;d597d50e-b06d-491c-8486-cc7941031718;49761f07-9c33-4572-9490-90f6e60a37dc
2026-01-01 21:12:21;TopicBoundEvent;213fce52-6afe-4256-a16d-d8815c6e4a98;912f828e-7ffc-4ede-9c99-360e6e8ec386
2026-01-01 21:12:21;TopicBoundEvent;bba54012-059d-4a43-a985-dbba7c7127eb;88ae277a-98ae-444b-8457-89f1eaca2076
2026-01-01 21:12:21;TopicBoundEvent;88d3f516-adfb-44c9-b329-2feb69b73595;396ee19e-9f7c-43a9-95fb-1f567cff6374
2026-01-01 21:12:21;TopicBoundEvent;a8cce77c-d20f-4280-a4ef-c7daa55c0943;c466cf8d-827d-4ff7-b640-c1c5aec15062
2026-01-01 21:12:21;ValueReceivedEvent;e52878bb-a940-42b3-abab-92c43d1be0bd;7b557f3c-5557-45ef-b143-2c8599fcf12a
2026-01-01 21:12:21;CacheReadyEvent;a8cce77c-d20f-4280-a4ef-c7daa55c0943;ec70b12f-e153-40e6-8b53-600870db22d2
2026-01-01 21:12:21;TopicBoundEvent;33efeeec-2cb8-45d9-a3a7-5fdf571caad6;5e3d154b-7751-45cc-859c-815eadb83cc0
2026-01-01 21:12:21;TopicBoundEvent;b471f599-bb37-4e0a-b440-1148a4c117b7;adeed733-3e96-4d8a-9d4f-fb0dcfb45c9d
2026-01-01 21:12:21;TopicBoundEvent;19f205fe-038d-483e-8994-c9fd5a8f0028;f95ca49a-3152-4e50-854d-234e968207ab
2026-01-01 21:12:21;TopicBoundEvent;11db1f4a-2500-4cc9-aaad-63a3b056349e;0be9c3c3-fc97-4079-bd70-8554ef4b1cc6
2026-01-01 21:12:21;TopicBoundEvent;563b2b94-8c42-4459-b909-361509b5481d;7a404016-88b1-4fec-bed8-0c7ed60d89eb
2026-01-01 21:12:21;TopicBoundEvent;be877210-8688-42da-9a93-6e3800dca8ca;116d5e1c-c9a2-402d-9cfa-4b8c3927c419
2026-01-01 21:12:21;TopicBoundEvent;7659d901-b72e-4218-bf9c-51b5a2ac22ce;f17aae2d-642a-4ba5-ae50-17e4ba68534a
2026-01-01 21:12:21;TopicBoundEvent;9384f0c2-dfba-4745-b81e-d50abb0f61ce;8419eb7e-af11-4eac-9bb7-28bd8e4c8b66
2026-01-01 21:12:21;TopicBoundEvent;e99104d8-b5f0-4ce3-a9c5-c1ecc842a6f3;42bd252c-6e27-44bf-9798-aa09291eef40
2026-01-01 21:12:21;TopicBoundEvent;48c03eea-fe10-403e-b805-bad01a274afd;3538c262-ab98-41d1-97fb-9aa0f1b2a5f5
2026-01-01 21:12:21;TopicBoundEvent;dd45a059-36bb-4145-a679-c84dc65e641b;568dea95-a559-4f30-9057-dcb24e8df0bb
2026-01-01 21:12:21;TopicBoundEvent;1fae4dfa-a5b7-4dfa-bd3b-baa5257ffa66;9b434b34-a919-4c05-8b8f-86cc7faa4bfd
2026-01-01 21:12:21;TopicBoundEvent;71af1681-75fc-401a-94e5-30a72b91ca26;91f32f6a-aae2-4bf8-9527-01e51b6090a2
2026-01-01 21:12:21;TopicBoundEvent;5b1cc526-e67a-41c2-999b-a2cc6860814d;3177b2af-57e4-434a-b0ca-32486be5a8cd
2026-01-01 21:12:21;TopicBoundEvent;d4ce1432-b39d-41f4-80aa-6e7444dee035;c478ba4b-06b7-4b7a-b19d-c990a68e4575
2026-01-01 21:12:21;TopicBoundEvent;126b417f-b5f7-4eef-9145-2403a602aaf2;e72c4abf-aa59-4f11-a41d-75e6b30c8123
2026-01-01 21:12:21;TopicBoundEvent;1eecf375-83b5-4848-8765-ab6d5c48b955;8c5b61f0-9e02-4b79-a900-021dfec98405
2026-01-01 21:12:21;TopicBoundEvent;f044559b-e662-4745-81a0-de4debff60dd;1aea9dd5-f0dd-48c1-bfe3-28d0f464718a
2026-01-01 21:12:21;TopicBoundEvent;d09c8ee1-adb9-4fd8-947b-13f9fe464da9;2481d31b-f71b-44b2-8b12-41feb0a3f851
2026-01-01 21:12:21;TopicBoundEvent;374e96ff-a94d-4151-a737-76dd065eb16d;58db1be9-35c6-49ad-9867-34dfd006199a
2026-01-01 21:12:21;TopicBoundEvent;ba96c258-920c-4627-b319-9af1dba37c90;376e5c6d-894a-4187-a452-4ddeea7c947d
2026-01-01 21:12:21;TopicBoundEvent;c1ab7c15-2a5e-4ed2-aacb-1314d03a8c15;7716c315-388b-4bcc-a70c-c0a247cd038d
2026-01-01 21:12:21;TopicBoundEvent;a9252dd8-972c-4d80-9c4d-4e4fea0f94fb;2e255707-08e9-4c3b-8f88-6ce7db739da5
2026-01-01 21:12:21;RequestCustomerValueEnrichmentEvent;e52878bb-a940-42b3-abab-92c43d1be0bd;69604e2c-4530-494c-af31-ca15e88531d8
2026-01-01 21:12:21;TopicBoundEvent;f9be3a46-48f4-4d8a-b61c-9bb072c5ff02;b59fa7e0-0500-4372-a327-40a8de26ab73
2026-01-01 21:12:21;ResponseCustomerValueEnrichmentEvent;e52878bb-a940-42b3-abab-92c43d1be0bd;20097f30-3177-4fb4-932f-6fe9f200f54d
2026-01-01 21:12:21;DeviceRegisteredEvent;f9be3a46-48f4-4d8a-b61c-9bb072c5ff02;cad985b3-cba0-4742-b152-f9697fcf7ff0
2026-01-01 21:12:21;TopicBoundEvent;2119723d-04c3-43b4-804b-c05057449564;b8402f23-3578-4002-bb3e-d5bed4f741fc
2026-01-01 21:12:21;TopicBoundEvent;4d998122-fd35-43a0-85de-2b5b8e373894;a9e32e91-9182-4754-904d-760223dd290c
2026-01-01 21:12:21;TopicBoundEvent;af1bacfc-77ba-43a4-aac6-89ea3d8d5a48;98bbaa93-e5c3-4e13-991a-ad1c8095d0f2
2026-01-01 21:12:21;TopicBoundEvent;34c0bc67-4485-493a-962d-a6dfe2fbd088;c4076467-76d8-48c7-ba6d-5bf15abf7084
2026-01-01 21:12:21;TopicBoundEvent;d3857582-8c39-4b6d-bd3e-7b51ee616988;8e17fc62-01c3-4ca6-a07c-037f8ecbca69
2026-01-01 21:12:21;TopicBoundEvent;aa48eb00-9b2e-4be6-83d6-a30e1229f99d;34a39768-deed-4ceb-9a35-43a154be3bed
2026-01-01 21:12:21;TopicBoundEvent;ca240256-ded6-4be9-a626-8ea539badde6;6b9c33de-a90c-40b2-86e2-f3c26e07ff19
2026-01-01 21:12:21;TopicBoundEvent;cf8daa79-4761-414a-ad7e-6fb09c9668d5;d285c791-b5f9-448d-92ce-c93189cab11b
2026-01-01 21:12:21;TopicBoundEvent;8c92c5bd-86c8-4194-a053-28b58296de5f;f3cd9a57-521e-44dd-9a9a-56e8262a5f66
2026-01-01 21:12:21;TopicBoundEvent;f228d751-7ad3-42ea-8617-b781e9736630;7291fa8f-b253-48eb-8b01-6f129b8eec4d
2026-01-01 21:12:21;TopicBoundEvent;b3589b6c-2b77-4eb6-8228-09272664f3d6;c00ecc3c-ae09-47f5-bdc5-825ab2878f05
2026-01-01 21:12:21;TopicBoundEvent;63513966-a5ae-4c3a-9eba-a24df07a7030;2005e822-b040-4bf4-895f-14ac90a6fba6
2026-01-01 21:12:21;TopicBoundEvent;3e96ce5c-a52a-41f2-9342-e925068acaac;b8333354-455c-49f9-85a4-d0c798badc1f
2026-01-01 21:12:21;LogPointEvent;e52878bb-a940-42b3-abab-92c43d1be0bd;c02beaf1-be28-4422-be4d-0256e820174e
2026-01-01 21:12:21;CacheReadyEvent;3e96ce5c-a52a-41f2-9342-e925068acaac;7d92848f-5ee9-4d6d-b0ab-b07d499624cf
2026-01-01 21:12:21;TopicBoundEvent;8b5c4273-06f7-4df0-bb78-604039e2b748;02daa56b-a223-45ee-8754-30c0306b73e9
2026-01-01 21:12:21;TopicBoundEvent;05b742fd-13a4-4566-96f9-c0c3bf594ac7;9bb04700-938d-41df-8aa8-a91618dc86ca
2026-01-01 21:12:21;TopicBoundEvent;62754990-8535-4d78-a625-b0a3d51ae774;b6ce386b-c95e-4c22-a8bf-7dd79f2e298d
2026-01-01 21:12:21;TopicBoundEvent;3ff5bb73-1f21-4796-9d1f-43f8147553e4;38dcbf7a-9c7a-4da6-8856-f0b6b6224938
2026-01-01 21:12:21;TopicBoundEvent;fb2bdf1a-3ad5-4903-8f87-bc6c76d29c1a;39961812-2f32-40e4-9560-48640196e2f2
2026-01-01 21:12:21;TopicBoundEvent;e848b1d9-f8cc-4aae-b85d-60d1aec76553;1f6510fd-d1f7-4522-a922-4b00dc3c1841
2026-01-01 21:12:21;TopicBoundEvent;0a595999-8224-4b40-88fb-b8ef2a8661c9;1bb7ca60-26e0-42b2-8fdc-03b7fc626bb0
2026-01-01 21:12:21;TopicBoundEvent;9b69d9f7-7854-4e2d-a7b5-48e853f9d44f;1876b4ba-4b9c-47f5-9b06-e563a8b5cbbe
2026-01-01 21:12:21;TopicBoundEvent;214c491b-9606-4e25-a27f-548d2d2ba8ea;20da99a2-425c-4e6f-bf7e-025d3f5a96b7
2026-01-01 21:12:21;TopicBoundEvent;2bc6d635-519a-4b1b-a59d-4fd797794a6d;f0b7d7a4-f6ff-48e2-a49d-484206d79a05
2026-01-01 21:12:21;TopicBoundEvent;1f9d357e-b59d-4aa7-ade9-85e8a07cba4f;69466dc6-facf-4ee0-bbff-ffd87e2c014b
2026-01-01 21:12:21;MqttMessageReceivedEvent;e52878bb-a940-42b3-abab-92c43d1be0bd;b05e9ee0-c2db-41b9-9220-389df05666a0
2026-01-01 21:12:21;CacheReadyEvent;1f9d357e-b59d-4aa7-ade9-85e8a07cba4f;0af4a07c-f4b9-4e4c-81ef-aba0d5805c7f
2026-01-01 21:12:21;ValueReceivedEvent;e52878bb-a940-42b3-abab-92c43d1be0bd;c827dc0e-6747-4a01-8f04-a18b03e8c288
2026-01-01 21:12:21;TopicBoundEvent;7c25ce10-d0ba-43e3-a5ed-d04f13c26d97;6aae6dc4-e749-487e-89cb-8b771e6ae59e
2026-01-01 21:12:21;RequestCustomerValueEnrichmentEvent;e52878bb-a940-42b3-abab-92c43d1be0bd;1b652e6e-e846-4e27-8ba3-abbcc483ab5f
2026-01-01 21:12:21;CacheReadyEvent;7c25ce10-d0ba-43e3-a5ed-d04f13c26d97;9b6f8dbb-f68b-461b-84a1-c908d6d4335e
2026-01-01 21:12:21;TopicBoundEvent;d99f7b1e-8eab-4da4-9d32-db92cfd92e97;c7f42459-e569-460c-9d80-32d4e76386fb
2026-01-01 21:12:21;ResponseCustomerValueEnrichmentEvent;e52878bb-a940-42b3-abab-92c43d1be0bd;ed933687-1435-4782-9810-6c0ed68ab9ef
2026-01-01 21:12:21;CacheReadyEvent;d99f7b1e-8eab-4da4-9d32-db92cfd92e97;57ad6210-3b79-4699-84ae-864bf543bf36
2026-01-01 21:12:21;TopicBoundEvent;0f9b351b-086d-48ff-a806-17ac39340f52;758c1299-496d-4b99-bf95-9ad8b172b0e9
2026-01-01 21:12:21;TopicBoundEvent;2d85a7f6-0301-4bc5-a042-69267fe558ef;34d41102-0bca-40f0-bd38-7aa6be2fdbd8
2026-01-01 21:12:21;TopicBoundEvent;618d4979-d9d2-49e1-9a09-91058da2155d;69761e17-4661-43ec-8629-2540a28a50b4
2026-01-01 21:12:21;TopicBoundEvent;45d49a02-363e-4e7f-a613-e61b7bf78a18;f8fc803c-bae0-45ef-ba6f-4726771e4831
2026-01-01 21:12:21;TopicBoundEvent;b126b1ff-5f10-46e3-bc52-e6628152b93f;f6429e60-fbb4-4330-afd6-2b0bc4e9545f
2026-01-01 21:12:21;TopicBoundEvent;759657e8-c952-4bda-b5d6-effb3b3d2fb9;54a0effc-6df0-49bf-a51b-3fdd7d67730a
2026-01-01 21:12:21;TopicBoundEvent;29feb3be-ce43-4ab1-a7c0-102e5603a080;c2ed5f44-521c-4aed-8636-8e747d847b24
2026-01-01 21:12:21;TopicBoundEvent;594ba397-2acc-414a-be85-17de4d4ee352;e2f5b8e3-78b9-4bcb-9669-d05ddf9575b6
2026-01-01 21:12:21;TopicBoundEvent;47690e6b-44f0-49ca-9633-209967863aa5;eabcfac2-a496-4214-82e8-4a30fa144170
2026-01-01 21:12:21;TopicBoundEvent;cb76910d-e9d2-4a17-ab3d-cb03c4622234;78adfffd-3ec2-46da-b08f-e83d7163194b
2026-01-01 21:12:21;TopicBoundEvent;f50550ee-2668-4c1f-b35c-5bfe997ce17d;ea21d92f-d0f2-4957-b00c-61be6375ee7b
2026-01-01 21:12:21;TopicBoundEvent;f8f63c60-430c-45e2-8f0b-fc94d4938f88;e0ce9c07-899e-4437-a121-78e461896f28
2026-01-01 21:12:21;TopicBoundEvent;e00f1e9a-52a0-408f-94ee-1ae895109838;8e76f9e6-4eec-402e-858b-b689d187634f
2026-01-01 21:12:21;TopicBoundEvent;81b95a47-adce-4467-ba86-5b18bbba0598;d11488b1-64d6-4c0e-8ca8-e3e4f71cdba5
2026-01-01 21:12:21;TopicBoundEvent;90816d4e-cd97-4da7-9d51-404406aff891;58181aac-8a38-4d91-ab0b-b83292db555c
2026-01-01 21:12:21;TopicBoundEvent;69f2cf27-ee15-4b08-8939-451f2976730b;ac4269c3-3a08-464c-b56f-deaff7b77e98
2026-01-01 21:12:21;TopicBoundEvent;2dab8390-f68b-4d2f-ab2d-7b7c0fa47052;c755875d-27b9-4d45-8eaa-0801e50c3a8e
2026-01-01 21:12:21;TopicBoundEvent;eedb9244-d455-40c2-bc39-a478c21820ba;eefa3106-521d-4f5b-8a1e-fdec7dac1c1a
2026-01-01 21:12:21;TopicBoundEvent;69a93e15-6155-4457-aadb-edf1fb5bd121;be852c1b-0ee1-48a3-8740-7f4c1718e298
2026-01-01 21:12:21;TopicBoundEvent;a5fb9ef9-fd98-46f5-977d-67ff1e5122cf;c0295600-706e-47a1-bc27-6139ae7f893a
2026-01-01 21:12:21;TopicBoundEvent;32b87093-e5ee-4ccc-81ea-0141f3d694fb;3c76af32-e9d0-4f2d-a110-876ae13ff87f
2026-01-01 21:12:21;TopicBoundEvent;cc7049f0-7afb-4ba0-87ce-4dc57fb8cff2;e7deb398-d31a-4f23-8130-4b0a6eea39eb
2026-01-01 21:12:21;TopicBoundEvent;16865c4a-c0b1-4dd8-aa2d-e2dc210ca82c;65b33a91-1152-4147-ae6e-020745754b53
2026-01-01 21:12:21;TopicBoundEvent;c1fea8af-2843-4120-91fe-faf271dd70be;83ff82a4-e4ef-4b7f-b7ad-151956ff27a2
2026-01-01 21:12:21;TopicBoundEvent;6f4b5893-7da9-44fa-8417-e50825396f5b;029c713b-b29f-4425-9e61-b29e18a85ca8
2026-01-01 21:12:21;MqttMessageReceivedEvent;e52878bb-a940-42b3-abab-92c43d1be0bd;5376721a-04a3-4a55-9ad7-22ceab281757
2026-01-01 21:12:21;CacheReadyEvent;6f4b5893-7da9-44fa-8417-e50825396f5b;2dc1f5c1-424f-4607-a6a7-99e1f5c2e918
2026-01-01 21:12:21;TopicBoundEvent;6f4b5893-7da9-44fa-8417-e50825396f5b;a39362eb-0806-4907-af27-af503224ba07
2026-01-01 21:12:21;MqttMessageReceivedEvent;e52878bb-a940-42b3-abab-92c43d1be0bd;3a80480b-691e-486e-ae88-3c735b8e9aef
2026-01-01 21:12:21;CacheReadyEvent;6f4b5893-7da9-44fa-8417-e50825396f5b;c6137914-99b8-4c6e-bb5e-851880005e39
2026-01-01 21:12:21;TopicBoundEvent;6f4b5893-7da9-44fa-8417-e50825396f5b;f363a65c-99ac-48a5-8714-a264dd70fbf2
2026-01-01 21:12:21;ValueReceivedEvent;e52878bb-a940-42b3-abab-92c43d1be0bd;485880ca-f6df-4ec8-8a81-f16519416fb6
2026-01-01 21:12:21;RequestCustomerValueEnrichmentEvent;e52878bb-a940-42b3-abab-92c43d1be0bd;fb861822-ea52-4a8e-aced-eb948b3d1523
2026-01-01 21:12:21;CacheReadyEvent;6f4b5893-7da9-44fa-8417-e50825396f5b;57d0c074-c06a-4f98-9cf2-2c283ffab1ec
2026-01-01 21:12:21;CacheReadyEvent;6f4b5893-7da9-44fa-8417-e50825396f5b;db38046d-3caa-46a9-8b3a-9e068e6a1219
2026-01-01 21:12:21;ValueReceivedEvent;e52878bb-a940-42b3-abab-92c43d1be0bd;7d439db6-d333-4d79-8e58-a52b42b89c05
2026-01-01 21:12:21;TopicBoundEvent;6f4b5893-7da9-44fa-8417-e50825396f5b;246ee506-ac23-469f-a982-0a224c59fb51
2026-01-01 21:12:21;ResponseCustomerValueEnrichmentEvent;e52878bb-a940-42b3-abab-92c43d1be0bd;d183bf26-d80d-47a2-a891-d143be4fb112
2026-01-01 21:12:21;DeviceRegisteredEvent;6f4b5893-7da9-44fa-8417-e50825396f5b;46bd71eb-aafe-40d1-9964-574423ac18bc
2026-01-01 21:12:21;LogPointEvent;e52878bb-a940-42b3-abab-92c43d1be0bd;66995635-42ad-419b-8b74-13c2473be253
2026-01-01 21:12:21;TopicBoundEvent;6f4b5893-7da9-44fa-8417-e50825396f5b;90cbddf2-0e43-4558-9d36-0060962afa27
2026-01-01 21:12:21;CacheReadyEvent;6f4b5893-7da9-44fa-8417-e50825396f5b;f0afc713-6b66-4804-8bac-e48e0533f767
2026-01-01 21:12:21;RequestCustomerValueEnrichmentEvent;e52878bb-a940-42b3-abab-92c43d1be0bd;46c61566-09f3-4f36-af8e-55a69249d2ab
2026-01-01 21:12:21;CustomerLoadedEvent;6f4b5893-7da9-44fa-8417-e50825396f5b;aa19eabe-8939-469b-ace4-80e7f6ac0d78
2026-01-01 21:12:21;ResponseCustomerValueEnrichmentEvent;e52878bb-a940-42b3-abab-92c43d1be0bd;dfed5cef-7f18-45a5-9133-aef86bd1cff2
2026-01-01 21:12:21;TopicBoundEvent;6f4b5893-7da9-44fa-8417-e50825396f5b;be9cdf5f-5ef2-4c28-b684-fdb572c2dbf3
2026-01-01 21:12:21;CacheReadyEvent;6f4b5893-7da9-44fa-8417-e50825396f5b;bd3e5e55-a975-485b-9c8b-7199d5489a26
2026-01-01 21:12:21;TopicBoundEvent;e659b8eb-091d-4ad4-b3d3-918bceefc3be;d321a64f-dd6a-4b67-b3cf-8fd1bea1a63b
2026-01-01 21:12:21;MqttMessageReceivedEvent;e52878bb-a940-42b3-abab-92c43d1be0bd;1c5c303e-95cb-46de-bb74-6a42845e8159
2026-01-01 21:12:21;TopicBoundEvent;07eb06fe-3993-4fc1-aeac-9b08221742f4;5083cc24-8fa6-46dd-95ab-de6dbbb139d7
2026-01-01 21:12:21;MqttMessageReceivedEvent;e52878bb-a940-42b3-abab-92c43d1be0bd;bd5668f4-6c9c-4e76-abb6-bc94b818706d
2026-01-01 21:12:21;TopicBoundEvent;54d894c8-3ee9-4481-9a44-d344bd4158af;06d44a1a-fe61-4801-ab3b-743eadffeaa1
2026-01-01 21:12:21;MqttMessageReceivedEvent;e52878bb-a940-42b3-abab-92c43d1be0bd;bc9a9418-ff56-483d-a9f0-1dc0bf16355c
2026-01-01 21:12:21;TopicBoundEvent;6b2569f5-87a5-4e75-b9dd-82ed19af60d8;925062f2-3d66-40ab-8020-5a90bda330d0
2026-01-01 21:12:21;MqttMessageReceivedEvent;e52878bb-a940-42b3-abab-92c43d1be0bd;ac8a2d2a-57ea-4993-9c88-f3d439ea2a14
2026-01-01 21:12:25;ChangeCustomerDataEvent;402b2691-24de-4495-8a6e-290106906197;99597178-62c0-445b-9e00-b9dbdd9dd59c
2026-01-01 21:12:28;ValueReceivedEvent;e52878bb-a940-42b3-abab-92c43d1be0bd;ffe406c9-3575-46fa-b4fe-085e1da5b637
2026-01-01 21:14:20;BrokerConnectionEvent;BrokerConnectionEvent;9202f527-b628-4aa7-b910-b93fab34a86f
2026-01-01 21:14:20;SystemStartingEvent;fd5023a5-5b48-4405-beb5-aea358cec2bc;c51d09a2-99e3-4a81-a309-f4fd7881839e
2026-01-01 21:14:20;DeviceRegisteredEvent;deaa01ac-c853-4158-9cce-e1a7dd55c168;0d0c967c-d9db-4692-9afb-fb968e23f124
2026-01-01 21:14:20;DeviceRegisteredEvent;9d926516-4bfc-44f1-b9be-836db75e0a1e;35c19e34-8f3e-4236-af48-651862ef4b58
2026-01-01 21:14:20;DeviceRegisteredEvent;8a404378-4f19-4999-a28c-f3bec7dbd993;64d3d2b7-008c-4845-aa93-39f599b42603
2026-01-01 21:14:20;DeviceRegisteredEvent;f59ab19d-c4d9-4431-949d-e83963e01fca;754c25b5-168d-4133-a4f1-4f1c2f5df3d6
2026-01-01 21:14:20;DeviceRegisteredEvent;13aa936f-f0eb-4d65-9951-bf45ea67d41c;44ff7a58-a9e4-4213-b5bd-9164d32e38bf
2026-01-01 21:14:20;DeviceRegisteredEvent;352b6bbc-6c7e-42ba-8df0-c9d582a25faa;74c21f84-3f60-481e-ad42-c9b2ae52314a
2026-01-01 21:14:20;DeviceRegisteredEvent;51494cdd-d3db-47f9-a41f-c369f7c04f9c;1b017984-d9c4-403a-9975-c76da59a84a5
2026-01-01 21:14:20;DeviceRegisteredEvent;ed37d884-eb7d-42ac-9857-a5b6b485c956;b26aa9ac-d3b7-4b61-ae8e-cfebeb646b13
2026-01-01 21:14:20;DeviceRegisteredEvent;fe4e0318-f033-46ac-b044-66d1c4927e22;932de7b4-40a8-4aeb-97f1-6a8fd9871c73
2026-01-01 21:14:20;DeviceRegisteredEvent;e97342d6-9f96-41d8-90be-eb9d84d7d50d;ef3e7ca8-8de3-4cfe-b66c-ff951fd1b56b
2026-01-01 21:14:20;DeviceRegisteredEvent;a6fc2454-3996-44cc-ac74-4b4e3d26dd4e;d268bd15-f1b6-4096-a81f-14c563c12a06
2026-01-01 21:14:20;TopicBoundEvent;ee8b9953-2953-4530-9290-cf2ea5540ba2;9bae2f6a-0880-4d1f-b31c-028da5118132
2026-01-01 21:14:20;CacheReadyEvent;a6fc2454-3996-44cc-ac74-4b4e3d26dd4e;3d8f4dea-cbd9-4d8a-a5fd-b5c644586717
2026-01-01 21:14:20;DeviceRegisteredEvent;0cdf2655-7956-4be6-b3d8-063292675469;0285ce38-584a-4b41-9dac-8b5754ce0490
2026-01-01 21:14:20;MqttMessageReceivedEvent;bce7ab99-0096-41c1-8838-bb3a240d5963;05f09708-100f-4cd4-925d-51b382c33762
2026-01-01 21:14:20;TopicBoundEvent;2cc67a51-3371-46ef-ae7b-66c4c3c918d7;cd706043-3cce-4efd-b057-4d7331dd71d0
2026-01-01 21:14:20;MqttMessageReceivedEvent;bce7ab99-0096-41c1-8838-bb3a240d5963;941c6ae0-e87f-4a21-8975-500ef8ff2db3
2026-01-01 21:14:20;CacheReadyEvent;0cdf2655-7956-4be6-b3d8-063292675469;8fea051b-02cf-48f4-bdf0-5e64c7b45b0d
2026-01-01 21:14:20;DeviceRegisteredEvent;3948af11-b092-44c7-a176-d423e53e5bc4;791ba2eb-242f-4d1c-a91b-539657d814fc
2026-01-01 21:14:20;DeviceRegisteredEvent;9081c7d2-3a38-46e8-98e2-fb0fba97ced1;83a66a5b-b5cb-4125-9a83-9ab4a81846d2
2026-01-01 21:14:20;DeviceRegisteredEvent;267f1447-de6b-4bff-a1e4-2fb1a9a425b8;d3f718d0-592c-4788-ad0a-600da9054a3b
2026-01-01 21:14:20;DeviceRegisteredEvent;3f8996b7-89c8-460d-a072-cd45a13bcb1f;434a8f7b-9356-4579-a3c1-4d50c8841f4a
2026-01-01 21:14:20;DeviceRegisteredEvent;8f556a11-630a-4efd-9bfb-80ed160b2ae6;ef5378f7-010a-4791-a71b-9b01252f9ae9
2026-01-01 21:14:20;DeviceRegisteredEvent;088e7fdb-eefb-4b5b-88f3-192d1bc0cbc6;b5f3d544-c79f-42f9-a2e7-c6b7101cb663
2026-01-01 21:14:20;DeviceRegisteredEvent;7f6681a2-0bd6-4d30-8f7c-0386a4be1ec8;6b23dd18-30e1-497f-a5c3-05f6e08748fe
2026-01-01 21:14:20;DeviceRegisteredEvent;74f52e7b-de70-4f05-bdcd-8a45e42954f7;4c2f51b0-b4bb-4adb-9601-8f1341c52c01
2026-01-01 21:14:20;DeviceRegisteredEvent;c6779c23-0e0e-4841-ad07-b5779629acee;35aac590-c25f-4944-8bc5-e054ad744526
2026-01-01 21:14:20;DeviceRegisteredEvent;96ee0add-36e9-4a3f-8b98-615afc2b8f08;230ccf2d-0eab-4b97-9bb4-0107ebd53e4e
2026-01-01 21:14:20;DeviceRegisteredEvent;4eba9b06-2497-4734-a9cf-1b3df3892099;7ba82121-9057-4ea2-8162-df038a85b73c
2026-01-01 21:14:20;DeviceRegisteredEvent;6c1625bd-0a56-44b7-9bdc-24ba992c3b59;6422d6f5-b5f2-428c-ad59-56d8ec4c2eee
2026-01-01 21:14:20;DeviceRegisteredEvent;c3c797aa-1a26-41e6-b746-4fe8e9e03c7b;cda5a02e-c0ad-43d2-8195-eeeded320552
2026-01-01 21:14:20;DeviceRegisteredEvent;3484cb23-3aa2-46cf-bd0d-a5a7a95053ac;c0a52321-9eab-45b3-ad4d-9aeac21831b5
2026-01-01 21:14:20;DeviceRegisteredEvent;a15bdd06-30d0-4024-930f-b10230ba5093;c3d48b40-0e25-41b3-9f62-7a619edeb109
2026-01-01 21:14:20;DeviceRegisteredEvent;dcca38af-c99e-47ca-a919-827335a17f22;04729cc7-4bc3-4d76-9220-a241a4bdd9e6
2026-01-01 21:14:20;DeviceRegisteredEvent;3087f5b3-338d-48d9-a947-587669943b32;ee6981fd-2274-4199-9212-4d5a937bb16e
2026-01-01 21:14:20;DeviceRegisteredEvent;758c712d-d07c-449d-bcb0-02f10152cbf5;4c44d5fb-e298-4f73-884d-0be56677f3b9
2026-01-01 21:14:20;DeviceRegisteredEvent;6dffb7df-b6b1-4cfe-9857-36fc5a256ef6;624c838d-0c22-4b15-a7aa-54de5c9794f3
2026-01-01 21:14:20;DeviceRegisteredEvent;1aeffa76-35e9-4f94-a058-b87c96afdd44;96492be9-2ad8-4b1b-8ad2-823e37158e8a
2026-01-01 21:14:20;DeviceRegisteredEvent;28961cd1-ccc1-4882-8e2e-2cc80908a266;cd200e9e-efcf-4c4a-bfbd-e9a1befa623d
2026-01-01 21:14:20;DeviceRegisteredEvent;af07be31-c95f-45b9-b7bb-a8cbf607be56;f167149f-12c7-4a23-b0e8-8251846d9e00
2026-01-01 21:14:20;DeviceRegisteredEvent;5b90d6f1-2248-49f1-bd96-cd734fe58457;e0601239-9145-49ed-b655-9b2a5ff5e978
2026-01-01 21:14:20;DeviceRegisteredEvent;8b45d658-8f70-406e-bb6a-23b03dccaf6a;1aa5ab5c-a39d-4927-a993-f52324564101
2026-01-01 21:14:20;DeviceRegisteredEvent;5f7a6a31-9cd7-496b-b964-eacedb285dea;f4796f4e-be15-44cd-b1c0-d09e65fac9c6
2026-01-01 21:14:20;DeviceRegisteredEvent;1fc0f232-c4c4-4f62-9e6f-0656efc9adfd;c52c5fbb-8bbc-457a-98f1-6ecd50f4be18
2026-01-01 21:14:20;DeviceRegisteredEvent;ab8b80fc-47fe-4c71-97f9-d72b5d8d14c5;caca84bd-cc81-4248-bca9-bd2e7369ac2d
2026-01-01 21:14:20;DeviceRegisteredEvent;c20a438c-02fc-4e43-9755-cf1881b0f2fe;85bf0802-425f-4e80-9723-d3288b3dfce5
2026-01-01 21:14:20;DeviceRegisteredEvent;ca634efc-1b8f-453d-ba35-73fa58cb9412;44891c63-809b-4bd1-a1d0-fc12842f648f
2026-01-01 21:14:20;DeviceRegisteredEvent;dd9a7335-3764-426e-8705-67f5a5151ed1;0affed1f-a763-4e88-a647-831e95097b93
2026-01-01 21:14:20;DeviceRegisteredEvent;84cd13ba-5bd5-4450-8a69-846962aa95a0;d3c079cf-bbf2-4c47-9c81-4a80c67d6a79
2026-01-01 21:14:20;DeviceRegisteredEvent;dfd3a598-25a0-4725-8319-f9c2a3db267b;8aec6177-25f8-4b82-bf10-9fbe5ae8c341
2026-01-01 21:14:20;DeviceRegisteredEvent;c55341e2-55b4-4eff-bd44-b569dff1e8fd;5578bb8c-d9e1-42b7-9e57-f9539d08a7df
2026-01-01 21:14:20;DeviceRegisteredEvent;85a7ca36-cda7-48aa-9115-07c758722e62;52d32fab-3f08-4623-bda2-121ffceb69ad
2026-01-01 21:14:20;DeviceRegisteredEvent;9f41eb86-a541-45be-82e5-a7cb50aabc93;7726703f-4b9c-4cc5-9679-8786ebd359e3
2026-01-01 21:14:20;DeviceRegisteredEvent;c1e26baf-4baa-4a94-b0d7-73ea7bbd9883;77621c1b-e46f-43cd-8fd5-ced71d02ec71
2026-01-01 21:14:20;DeviceRegisteredEvent;549e6326-b52f-4ce1-9f65-557b565d7bc4;7dae87dc-697b-41b6-a131-49936cb5548d
2026-01-01 21:14:20;DeviceRegisteredEvent;eab29f56-b845-456a-9d8e-8cb9c4095674;f600b141-ae24-4b37-92ac-6ce1623a82a1
2026-01-01 21:14:20;DeviceRegisteredEvent;71fd83e2-a58b-49fd-a6f1-f638a2e097b7;333816be-d590-4cbf-b8ad-c98d63fd9c43
2026-01-01 21:14:20;DeviceRegisteredEvent;e7dfa188-f1eb-4fac-8275-e40431cb01f6;e702402b-ce43-47ef-b59d-d09e365a808a
2026-01-01 21:14:20;DeviceRegisteredEvent;259b730d-2da6-4734-a6cf-895d49be264b;c862ca7b-7445-4ff5-a795-a00989536d0a
2026-01-01 21:14:20;DeviceRegisteredEvent;f259e193-0a7e-46cd-9e8b-441be049207e;ad05710e-41b0-4481-b9ae-202bdd931547
2026-01-01 21:14:20;DeviceRegisteredEvent;43f27e8c-bba4-4cad-bc8b-e67d9375ebc1;a93d8aee-a129-454c-bb1d-15b422e4df6b
2026-01-01 21:14:20;DeviceRegisteredEvent;fa8fd889-6f37-40fb-b087-826254947b25;9f443a78-697d-4189-ae54-227aafd09451
2026-01-01 21:14:20;DeviceRegisteredEvent;ae95c56c-4b03-4c55-8fdb-e264d4c4035c;0fa0996b-d569-48ea-b4ea-ace8cd4d3579
2026-01-01 21:14:20;DeviceRegisteredEvent;cc599de1-248f-4c1c-a269-d1993a2ee3bf;16da5171-1c5e-443b-8c59-fbe38a16f9ce
2026-01-01 21:14:20;DeviceRegisteredEvent;68122a10-07be-43dc-a1ec-bc422c194ff8;b3a718a0-32b4-457e-b17a-a07a5837b171
2026-01-01 21:14:20;DeviceRegisteredEvent;272882ec-3162-4674-bdc6-b65a9d039d23;2d4d52d4-a03c-481c-a244-584c98c9159a
2026-01-01 21:14:20;DeviceRegisteredEvent;f0105cab-2140-4e2b-ba6a-1d32ecbc9a59;3731fcab-93c3-40de-b419-0a53fb9e92d9
2026-01-01 21:14:20;DeviceRegisteredEvent;be3ad8af-eb2a-4d3e-ac44-2563eb5fb74c;2c5af90a-1529-42a5-8463-53dd3a8cad18
2026-01-01 21:14:20;DeviceRegisteredEvent;fbfc8959-d06e-4349-9089-7435c4e39bde;b80b86b6-ce5f-4bd7-8e01-fb9e5edcced2
2026-01-01 21:14:20;DeviceRegisteredEvent;dac8f6e3-8495-42f1-a673-8c2977d11469;4ab365d9-f034-4bcd-b99a-49d9e7e2abc8
2026-01-01 21:14:20;DeviceRegisteredEvent;8597cdd1-9d63-464d-abe2-e57be752354d;71b6ca4e-4fb0-4676-bc65-af5a3ed9e4e9
2026-01-01 21:14:20;DeviceRegisteredEvent;f6bff900-4581-4678-b29e-fd3c0a657ef4;1ca3f6ac-233b-41b4-b4d5-0d307294ed01
2026-01-01 21:14:20;DeviceRegisteredEvent;451b2dcd-3d9f-4f69-bb7c-9399cbde6ee8;e63615e7-34a2-4cfa-b42d-145c0a6574e4
2026-01-01 21:14:20;DeviceRegisteredEvent;3c4f30d0-516b-47e8-8a5d-559ef0b4fc1f;3fda8c53-efd1-4f04-b85c-ea7e7e59df1b
2026-01-01 21:14:20;DeviceRegisteredEvent;b5f18286-9e87-48a7-a4bc-3e46038f4ea2;97e1946d-7c68-47c4-9345-e1539855fce7
2026-01-01 21:14:20;DeviceRegisteredEvent;4dbe3e1d-70e1-47e5-825c-7b34760b88e0;f084a476-c9a5-468b-ba62-149cb32f89a6
2026-01-01 21:14:20;DeviceRegisteredEvent;c96fb00b-13fc-4c1e-a758-2b8d66931a68;76bc3215-a9f3-4abc-bd6f-3629730012e7
2026-01-01 21:14:20;DeviceRegisteredEvent;f7a9c9f6-b070-4408-8b1c-21ea35d59979;6c750006-6628-430c-bd1c-92ae9d537889
2026-01-01 21:14:20;DeviceRegisteredEvent;1f9475da-cc41-46bc-ab28-5f5d48760368;422d5d75-d9ce-4358-aa92-427d7483c9cc
2026-01-01 21:14:20;DeviceRegisteredEvent;a630a503-a680-4411-b268-2d02be80b7ff;9dae9d78-ede8-4e7f-a28c-ce984b6b3281
2026-01-01 21:14:20;DeviceRegisteredEvent;f59c36bf-d50a-4908-9558-2f25889b722f;2af1e9cb-7b0c-4870-96ba-0430b9ba8906
2026-01-01 21:14:20;DeviceRegisteredEvent;ef7a5f1e-56ab-46f3-b8d9-4ea6bf8de81d;d6a56369-0abe-48b2-977e-3523411b6963
2026-01-01 21:14:20;DeviceRegisteredEvent;3c2deab0-4427-4100-8abe-4263bb3c9c11;b65d9739-ba66-4042-9eef-17bedb1f34ea
2026-01-01 21:14:20;DeviceRegisteredEvent;6110c50a-96a3-42f9-8d8b-9eab72666244;6b4495cb-7572-4546-8398-a25cb426292f
2026-01-01 21:14:20;DeviceRegisteredEvent;a5c1d619-a964-42bf-88f6-eb94d9a29a77;159f2115-bff0-4d68-8fda-5717898bdde4
2026-01-01 21:14:20;DeviceRegisteredEvent;248e52d0-d6de-45a0-a30a-d58c20069b39;81483f43-3e05-420c-8526-6d6de0ae977c
2026-01-01 21:14:20;DeviceRegisteredEvent;9b08011c-748e-4845-b3f0-046393355e3a;13dc70a2-44b5-4d75-9ef2-e3831cb56af1
2026-01-01 21:14:20;DeviceRegisteredEvent;6c37be01-bbff-4eb7-8a66-d52ad01a9efc;600d771d-691c-48df-adc9-2e2c3c115a00
2026-01-01 21:14:20;DeviceRegisteredEvent;93b92bce-ac86-4be5-a9ef-3952bd560dc7;6b71896e-307f-47e4-80b2-1b735ddaaa00
2026-01-01 21:14:20;DeviceRegisteredEvent;3dd5e680-d1d0-4d95-bb80-b68520f45db7;da9906e0-0e04-47b0-b38e-bcbf342cd37b
2026-01-01 21:14:20;DeviceRegisteredEvent;df5d7632-819e-44fb-be70-2c1680942485;6e4ad60d-bee1-468d-8387-31c812c6f351
2026-01-01 21:14:20;DeviceRegisteredEvent;ef88ab3b-11e3-47fc-8e9a-84d69905ec9d;41d9a0c1-071b-415d-8cc8-c05d21a5f78c
2026-01-01 21:14:20;DeviceRegisteredEvent;dbfc70ee-c6b2-4c37-878f-2ecca8bb01ff;2cffec5d-19bb-4596-8cb6-5fe3168d7b0b
2026-01-01 21:14:20;DeviceRegisteredEvent;8c93b9b4-5f9e-4440-86b0-34e347234094;4572b55b-0d8b-477b-b775-34ee07e4907a
2026-01-01 21:14:20;DeviceRegisteredEvent;ae5b1b5e-9d66-43d4-87db-1a2692323391;faef2853-c1b7-4065-bdaa-e289a7d3108e
2026-01-01 21:14:20;DeviceRegisteredEvent;4e397cb8-bb00-47ed-9ae2-0019d2f6a49b;0d2e0442-ef65-4552-880d-880156de5db4
2026-01-01 21:14:20;DeviceRegisteredEvent;57731a53-5d46-484d-ac10-2b781b39b3c6;ae3f5883-f9de-46f5-beb6-bf99312b91d6
2026-01-01 21:14:20;DeviceRegisteredEvent;55e7fa45-3e42-43a2-bfdb-8097d353bcba;72690c2d-caa9-4ff0-8d1c-59c90f1dcf62
2026-01-01 21:14:20;DeviceRegisteredEvent;af1c8c47-a6ac-4081-954c-0a7daf7ae1e1;73d9c8e8-5fef-481f-b593-b7c210825fba
2026-01-01 21:14:20;DeviceRegisteredEvent;3a12f123-20d7-48c0-8c96-1e1a23a40bf7;d4a4ff97-9697-4aa0-ab7d-e1f425cdec68
2026-01-01 21:14:20;DeviceRegisteredEvent;cd0065ea-259f-4c60-84d7-332041e5de76;ee5c2b5c-2490-45b4-a529-bb6480d7cd13
2026-01-01 21:14:20;DeviceRegisteredEvent;ebdcb0c2-f522-4d65-a5fb-297422f7a8ac;cf8fdcc6-987c-41da-8f34-0683be6d98dd
2026-01-01 21:14:20;DeviceRegisteredEvent;dbd421ff-4fc6-4f7d-abaf-1f2f91085e35;7fd3f0f3-032f-4921-885d-72fd6f1e3f11
2026-01-01 21:14:20;DeviceRegisteredEvent;a889d805-81f6-4b70-81cc-0fbcde058edf;cdb95148-cdc5-47d8-9f32-0a450b7ea878
2026-01-01 21:14:20;DeviceRegisteredEvent;045d9822-d107-4d3d-b0a3-f4090a0f917d;9d928718-4c69-4b20-a440-968ccf9b0c68
2026-01-01 21:14:20;DeviceRegisteredEvent;283a9bf8-a655-4c24-8635-28724cf4bf5c;c7e8f165-1bb9-4e2f-a4ec-eda353bc7e8b
2026-01-01 21:14:20;DeviceRegisteredEvent;b599e2f7-3616-4883-b67f-b70e7f2c7044;48e9a8fa-6973-4ecb-afbf-324df0b66f38
2026-01-01 21:14:20;DeviceRegisteredEvent;9bef25f3-7ae5-4d19-9fb2-0add44dd5d4c;2a880d86-e309-463c-8a75-09dba9f7cc35
2026-01-01 21:14:20;DeviceRegisteredEvent;fd5023a5-5b48-4405-beb5-aea358cec2bc;24d8e416-8c37-4073-bbce-8c3e79e510c2
2026-01-01 21:14:20;ValueReceivedEvent;bce7ab99-0096-41c1-8838-bb3a240d5963;147af498-8e2d-446c-88f4-f142b7241ff2
2026-01-01 21:14:20;TopicBoundEvent;2450a054-2b59-4685-a394-60d7cd3e3ad7;0e8e6267-336d-474d-b618-9f5c0cb26b15
2026-01-01 21:14:20;MqttMessageReceivedEvent;bce7ab99-0096-41c1-8838-bb3a240d5963;1fb2f038-ebab-4ac9-8cc0-70a1ecc67307
2026-01-01 21:14:20;TopicBoundEvent;2676bf87-415e-47c6-9fba-a6e29e618e4d;81b0c646-7ff5-4a9a-8030-72106635b5a4
2026-01-01 21:14:20;MqttMessageReceivedEvent;bce7ab99-0096-41c1-8838-bb3a240d5963;10b56e45-1b13-4ec5-a8a6-57e8ec319966
2026-01-01 21:14:20;TopicBoundEvent;8a829ead-2e9f-4c9e-bd46-947b570cab3f;0465e7f6-170f-4f64-b6cf-fc99bd9d06d2
2026-01-01 21:14:20;MqttMessageReceivedEvent;bce7ab99-0096-41c1-8838-bb3a240d5963;34c557e4-31f0-4357-a9c1-daa157ba2b81
2026-01-01 21:14:20;TopicBoundEvent;c505da0f-f274-4f47-a455-27b290cc8229;64cf130b-9c99-4e05-be82-534ea9769ae0
2026-01-01 21:14:20;MqttMessageReceivedEvent;bce7ab99-0096-41c1-8838-bb3a240d5963;3c5c34fd-12cb-4dfb-a8f0-3539fcde492c
2026-01-01 21:14:24;ChangeCustomerDataEvent;4b5e27e2-c9a1-4797-8e3f-8d58847dad72;633e26b6-e9be-4c98-80dc-f5bdc0923c0f
2026-01-01 21:14:28;ValueReceivedEvent;bce7ab99-0096-41c1-8838-bb3a240d5963;ed9fe981-c753-46dc-a6ff-d7fd53bcfd37
2026-01-01 21:14:48;ChangeCustomerDataEvent;81589b15-5efd-4cf3-86b5-0e52844bdfa8;18f5435f-5e48-4be9-ace5-6be1a4a18a36
2026-01-01 21:14:51;ValueReceivedEvent;bce7ab99-0096-41c1-8838-bb3a240d5963;97775564-9932-4ed1-a9d4-73ac7e35385e
2026-01-01 21:16:12;BrokerConnectionEvent;BrokerConnectionEvent;398fe4b5-aea3-442c-b490-290fb8148e65
2026-01-01 21:16:12;SystemStartingEvent;7b2dc4fa-9bcb-4023-b2c1-64a403e37bb8;2446b1d6-ecae-438f-af62-08ae266f8edd
2026-01-01 21:16:12;DeviceRegisteredEvent;9f58da80-613e-47e3-bc18-f3122d10cb2c;27616c95-a021-4465-89a8-168fb0465531
2026-01-01 21:16:12;DeviceRegisteredEvent;716740bb-47cb-4b95-bcd3-540fba4debda;99e015ae-f13c-41ae-9288-dcf95f1e0a5f
2026-01-01 21:16:12;DeviceRegisteredEvent;9d9490ec-fee1-4783-a121-03cc52775fcd;c3a59e97-0b0e-476b-9ba8-27431384ddee
2026-01-01 21:16:12;DeviceRegisteredEvent;245f3f30-64d2-45d2-8a6e-dc57e1bed16b;a5fa1029-75f9-4e52-b233-2e59d69b94ba
2026-01-01 21:16:12;DeviceRegisteredEvent;3bc727a4-2078-4795-883c-308c2dd20a48;a9cfe7f4-5acf-47f5-9c32-491c1152da60
2026-01-01 21:16:12;DeviceRegisteredEvent;44719eb1-a6a9-4dc8-86fa-37299d0a5119;6183f1dd-bbb4-47ae-b220-98e83afeef96
2026-01-01 21:16:12;DeviceRegisteredEvent;41224f7c-4d29-4942-9fb0-ed7e5e06ea4f;d5b2e7fa-0947-48e1-9d99-c96dfc606b61
2026-01-01 21:16:12;TopicBoundEvent;5d196a6e-cdd1-467e-8c4f-fdd0ac9040ed;804984ef-ac21-4299-8795-855e5339fd2e
2026-01-01 21:16:12;TopicBoundEvent;41224f7c-4d29-4942-9fb0-ed7e5e06ea4f;b847bdfe-6a5a-4054-8c99-7d9f583b1606
2026-01-01 21:16:12;DeviceRegisteredEvent;31f59081-8f83-4803-b3e3-0054a6422d39;d11113a6-441c-4b74-9e50-847273e1eacb
2026-01-01 21:16:12;DeviceRegisteredEvent;0deba18a-aa68-402e-bf7d-bf72cb125f6a;83ef3aef-c26d-4579-825b-c2b69e0e4311
2026-01-01 21:16:12;DeviceRegisteredEvent;d960d98d-73ad-4da4-bbc5-94499f5dbc21;d8da9deb-48cc-4dda-9e7f-d67a4682cc17
2026-01-01 21:16:12;MqttMessageReceivedEvent;4ba4b6ee-7e6b-4b73-bdb7-2361db6c6667;55401671-adf0-4758-9f80-b8ac2472f729
2026-01-01 21:16:12;CacheReadyEvent;d960d98d-73ad-4da4-bbc5-94499f5dbc21;2a6d61c1-f241-4936-8016-4a2ab29e5274
2026-01-01 21:16:12;DeviceRegisteredEvent;2ad33ba2-eb2c-4370-afe8-aba82bca6095;8c1a4ecd-650c-450c-9f97-a618271aaea9
2026-01-01 21:16:12;TopicBoundEvent;e704911a-5096-4c04-81ff-355bd8fcfd24;463df16e-4215-4b2c-b77b-97012bcdc012
2026-01-01 21:16:12;MqttMessageReceivedEvent;4ba4b6ee-7e6b-4b73-bdb7-2361db6c6667;90c3e7f6-fe05-47cd-a408-a43602c67865
2026-01-01 21:16:12;CacheReadyEvent;2ad33ba2-eb2c-4370-afe8-aba82bca6095;b6da7210-df55-4ae6-8b3b-0236c952bdb4
2026-01-01 21:16:12;DeviceRegisteredEvent;c6157ea2-4698-4c80-9d92-11a1715af424;91fcdd82-7e41-4197-9cca-0b0933623576
2026-01-01 21:16:12;DeviceRegisteredEvent;4db56bd9-cc4c-4f83-866c-90a1eb714e07;1d0921a3-3e0f-47c8-8a38-990cfe1ee4e6
2026-01-01 21:16:12;DeviceRegisteredEvent;7cc97c36-b33b-45f9-9d1f-23d74da1c5aa;ae846828-857a-4f99-af3e-d0e31567d301
2026-01-01 21:16:12;DeviceRegisteredEvent;d40dd8c8-95ec-4efc-9ad1-8fe59ecc8554;a310a7b0-a535-4828-89c7-cd464a0ed9bb
2026-01-01 21:16:12;DeviceRegisteredEvent;e7308f39-f35e-4445-9861-972fe69ccfa6;e08e477a-b1eb-4e80-97dd-744e0638dc65
2026-01-01 21:16:12;DeviceRegisteredEvent;1dca9385-a2c3-4b5e-a74a-75ddbad89ffc;64f43d66-b955-49f4-9d87-4bebef9c811c
2026-01-01 21:16:12;DeviceRegisteredEvent;85495724-c66a-41db-8e01-073c1a43761d;9d2f4f48-a2ff-4f15-8bd6-067a5a3465fb
2026-01-01 21:16:12;DeviceRegisteredEvent;ced0bdf2-2425-4a4a-9da4-6d696b5bc2a0;737b65d5-5efb-4e15-8cad-170f44810c12
2026-01-01 21:16:12;DeviceRegisteredEvent;9412ab7b-2b89-473e-a8ef-b070efa3ccf0;91e68fd6-6c75-4a70-a7a9-8a065c896317
2026-01-01 21:16:12;DeviceRegisteredEvent;e0e6abd7-6270-46cb-b674-abb65280789e;5a7209ae-4bb5-4cc4-b952-09e67aef4c1c
2026-01-01 21:16:12;DeviceRegisteredEvent;6e4e3088-f8d4-4e13-ab2d-5584de208e78;cb3a8736-15a5-4728-8e8d-519d1e4b4324
2026-01-01 21:16:12;DeviceRegisteredEvent;ea568cab-21e2-4a77-ada9-75c1a86c9a33;5a466a77-ba94-47e3-a577-ec5a6f5d86a1
2026-01-01 21:16:12;DeviceRegisteredEvent;19b88126-79f9-4130-aa03-51c398ed3ada;f89c6a0c-21c3-465d-8c50-7ca917e1c10a
2026-01-01 21:16:12;DeviceRegisteredEvent;280ea60e-0197-4e38-8537-9d6cb743e2c5;8aafa32b-f240-4ff1-9029-057ea649e1c8
2026-01-01 21:16:12;DeviceRegisteredEvent;dfca4ed4-bdfb-47de-bee9-1963bc44a71e;3dd29c99-c6b8-4e17-aa7b-f86a040d9874
2026-01-01 21:16:12;DeviceRegisteredEvent;d9ffa14a-9e96-40da-9f4a-193c592da060;bc44df05-4890-4348-bac3-6ad53e996551
2026-01-01 21:16:12;DeviceRegisteredEvent;cbbad402-63aa-493b-aa59-136a374eae28;b25f5555-2ca5-4132-8c5f-61b6ff7128a6
2026-01-01 21:16:12;DeviceRegisteredEvent;6996b602-0b0d-45b9-86b9-d40058ad3398;f3e434f4-a6ec-4275-9007-29ff0bf76245
2026-01-01 21:16:12;DeviceRegisteredEvent;44b5c2d9-d1ad-4e97-9704-01037016e30a;83cba04b-5481-45aa-ad52-ff958a0b32d0
2026-01-01 21:16:12;DeviceRegisteredEvent;385321df-5a54-4d39-8d19-10473c61cf93;5201f216-d2b1-45c5-9dea-60df6c3f9977
2026-01-01 21:16:12;DeviceRegisteredEvent;913a5a12-0fc7-478b-baf6-31169f074217;7f13ae27-99cc-4124-b8db-f691920d191d
2026-01-01 21:16:12;DeviceRegisteredEvent;21ee05b8-60ca-4e0f-8556-324be6498253;97aa8235-5fb4-42aa-87f3-7ad344ad5639
2026-01-01 21:16:12;DeviceRegisteredEvent;6d285bd0-8095-4284-89ca-8fb54e1c01fc;a8fbe397-e614-4871-a45c-d7136592e93d
2026-01-01 21:16:12;DeviceRegisteredEvent;7771fb1e-1309-46ce-9f1b-c76e8ca7b587;b33ab01e-65c8-40aa-93a7-a4889e2c615e
2026-01-01 21:16:12;DeviceRegisteredEvent;649d9ff8-1a1b-4595-83b2-0a76700a01ba;b0876444-6322-4920-9f40-19ebb168b01e
2026-01-01 21:16:12;DeviceRegisteredEvent;7a9b03db-c2b4-48c1-8bd2-41d6cf1888a6;777192a4-a79e-48f0-8c47-65f14a3b31a3
2026-01-01 21:16:12;DeviceRegisteredEvent;4ad87612-eb66-45e5-8f12-de8c12377ce2;aace37c1-ad4d-4f94-b1ca-57983bc6ccc8
2026-01-01 21:16:12;DeviceRegisteredEvent;bdcf5329-0f40-4f99-92e5-21212ac57f14;42d0eda5-19d5-4736-b8d8-d00535ce027a
2026-01-01 21:16:12;DeviceRegisteredEvent;05ebfde1-1886-4000-9c54-752a3bcfd3d7;d6ebcec3-6629-4992-9837-72b976818854
2026-01-01 21:16:12;DeviceRegisteredEvent;9e442669-974d-485c-9a92-848e0255db30;3db2b2a9-c7fa-4eae-8348-e8e6e36b3bf1
2026-01-01 21:16:12;DeviceRegisteredEvent;2be54a99-a3ea-45f0-b415-db3970e5a8cc;38207d52-15f0-4be7-8b6c-2a1b5be2e8de
2026-01-01 21:16:12;DeviceRegisteredEvent;8937668a-6802-4d44-bb04-5174f1091e81;530549f5-4558-4e6b-8864-153904872480
2026-01-01 21:16:12;DeviceRegisteredEvent;5e458876-6b3c-4017-b32d-73e2781b83ba;474760e7-adae-40f0-8f95-3307348f1cc6
2026-01-01 21:16:12;DeviceRegisteredEvent;0b1f92e6-364a-42ad-a0db-325760569ae5;a4377447-bccc-4103-91a7-05fdb4d3827b
2026-01-01 21:16:12;DeviceRegisteredEvent;5efa06df-b0c3-4e10-bdf2-83afcd17ac97;d3d9853e-f1e8-48b3-a89b-fa15025def65
2026-01-01 21:16:12;DeviceRegisteredEvent;588d482e-6f36-4b20-a0cd-a8cc0513b46b;c69c3233-17f2-4a39-b1bf-46fac8dac5f1
2026-01-01 21:16:12;DeviceRegisteredEvent;651cacc0-a72f-40da-8df4-40a6a5a083f4;89a5a4e5-b4da-48e2-880e-107cefd9cbcd
2026-01-01 21:16:12;DeviceRegisteredEvent;cbaff92a-44d1-43a6-acda-f61d75942828;a0c990a6-2c2e-4ba6-9b08-809203118836
2026-01-01 21:16:12;DeviceRegisteredEvent;b6f51ede-4033-4682-8c8b-c88e26c5979d;b96efd3c-79eb-4532-b47f-422caf175fdb
2026-01-01 21:16:12;DeviceRegisteredEvent;d6637851-63ed-46de-b84b-fc0954fdb0c7;8c2ebddc-b951-4cd3-9589-41467a7d5b78
2026-01-01 21:16:12;DeviceRegisteredEvent;d9436ecc-43fd-4e70-b9be-d7107d6490cf;43944fea-cb14-4b5d-ad6d-9dda55e16961
2026-01-01 21:16:12;ValueReceivedEvent;4ba4b6ee-7e6b-4b73-bdb7-2361db6c6667;600fa049-ca23-4171-b06d-a67b37ce1703
2026-01-01 21:16:12;CacheReadyEvent;d9436ecc-43fd-4e70-b9be-d7107d6490cf;9e8e636c-26a3-4c4d-b726-c5866f3ab040
2026-01-01 21:16:12;DeviceRegisteredEvent;f1eb07e1-92d3-4f6f-840a-7b2002efb400;f0b029ef-81bf-4f33-bda3-847c5d6ffe3b
2026-01-01 21:16:12;DeviceRegisteredEvent;fadc3729-81e8-4e81-9e38-d018a1b56cb7;4e66209a-c91f-4d14-941e-b3889ec3fa4e
2026-01-01 21:16:12;DeviceRegisteredEvent;96d418fa-451a-4cad-8c0b-4c9912bff792;2fbd117f-1aca-47ef-abc2-b7341de6bd3f
2026-01-01 21:16:12;DeviceRegisteredEvent;95f5623d-a0b7-4591-8ff1-aef1b7e2fd19;633bdf4c-0be5-40f3-b46b-d05f4198b707
2026-01-01 21:16:12;DeviceRegisteredEvent;68e8d3e8-ef94-4f79-9d25-0af1200fcf3d;5ba95d45-8938-4fb6-af91-a74721d1f928
2026-01-01 21:16:12;DeviceRegisteredEvent;058148f7-b09b-4a4f-b8f6-aca65d2245a0;400a0bcc-33c0-4754-b22c-7078b34bf1ff
2026-01-01 21:16:12;DeviceRegisteredEvent;a1a02f9c-e55f-48ff-a481-60e9dbd12ee4;1dc3e8e8-3aa7-42e2-86bf-7cc201b8b80d
2026-01-01 21:16:12;DeviceRegisteredEvent;666e1333-d18f-4ca0-9529-f959a5364417;a15246a0-1dae-45f1-9094-095ce22f86cb
2026-01-01 21:16:12;DeviceRegisteredEvent;c16c0a1b-64fc-4fb3-b406-58f904abed7a;d2e8fcfd-af5c-4d52-97f7-1a8a78f63fea
2026-01-01 21:16:12;DeviceRegisteredEvent;e9428de6-62e4-426e-a40d-eea9b1fcfad5;0c5f6bbc-a9cf-4845-872a-1ae740ccb20d
2026-01-01 21:16:12;DeviceRegisteredEvent;8d0d82a6-4127-4ee1-82e6-f74e5645dd70;fa4f14bd-14db-4878-86be-a9564583373b
2026-01-01 21:16:12;DeviceRegisteredEvent;b1cd7cf9-fb0e-40e4-8b0a-11f007293ba5;7154779d-7a9e-4501-8127-f54ec99348e2
2026-01-01 21:16:12;DeviceRegisteredEvent;c43e4901-1288-465f-becf-fd04e4e8b333;8a125f09-8a71-4a24-b320-bba2a13721a6
2026-01-01 21:16:12;DeviceRegisteredEvent;06621393-6d48-4332-8145-1556b31f6d57;541679bd-4762-4a93-ae30-678cd9076f02
2026-01-01 21:16:12;DeviceRegisteredEvent;dea2db41-14a9-40c9-86a9-0be3bfacb389;651dab00-89f2-4f44-b6af-5e4e9c377103
2026-01-01 21:16:12;DeviceRegisteredEvent;1c7d7bd3-20fc-4db4-8d87-7d4ee89d29a1;9e3500c4-4457-4608-9815-50fb327801fa
2026-01-01 21:16:12;RequestCustomerValueEnrichmentEvent;4ba4b6ee-7e6b-4b73-bdb7-2361db6c6667;c45b8ca8-3982-4dfc-bc35-fbb4a88c400f
2026-01-01 21:16:12;TopicBoundEvent;1c7d7bd3-20fc-4db4-8d87-7d4ee89d29a1;c2f8b646-3366-49f0-ba6d-9b0639834236
2026-01-01 21:16:12;DeviceRegisteredEvent;8fa1e886-209f-4d14-bfb9-eea3941d8f30;d0b27c91-bf72-445c-b564-0a14e2f4aa6e
2026-01-01 21:16:12;DeviceRegisteredEvent;9ae819a2-cb65-4738-a5c7-579f061f7e2a;65edbcab-a9b8-4988-a5ea-1f36bcefd98c
2026-01-01 21:16:12;DeviceRegisteredEvent;355c0c21-0eb3-4aff-b2b8-85cfeef385ce;aa6a25c3-4f6a-4db0-8bc9-fdc6b4d11b3c
2026-01-01 21:16:12;DeviceRegisteredEvent;27c40d0b-8f45-4e63-9f77-6bd30764399e;fedcb260-fb90-474f-a245-310b64ee7146
2026-01-01 21:16:12;CacheReadyEvent;27c40d0b-8f45-4e63-9f77-6bd30764399e;aaa7d5c6-11ba-4237-afe8-c02a9a4eac7d
2026-01-01 21:16:12;DeviceRegisteredEvent;bd8aeb0f-2249-44e5-b878-59ce2058cb86;95da8d85-5f33-446d-ab62-0b7a8458cd12
2026-01-01 21:16:12;DeviceRegisteredEvent;8737a08c-2f55-4cb2-8a56-3f3b34477057;eaa2eb69-15d1-415b-8b73-cf8263bf3ca2
2026-01-01 21:16:12;DeviceRegisteredEvent;112f3ec8-2168-453e-8cfb-a3c54c3f4e61;65cf82b9-1889-4943-b938-40a69a71622d
2026-01-01 21:16:12;DeviceRegisteredEvent;fc361c7b-618a-4ef6-b602-d223bcb87368;a340268e-79f6-46a5-ad62-d70a78c3a38f
2026-01-01 21:16:12;DeviceRegisteredEvent;56bf71d5-da02-481f-99e1-fe27f4ae69b0;97b1d079-38c7-4c20-a1a1-29eeed7cfc5e
2026-01-01 21:16:12;DeviceRegisteredEvent;fb224eeb-0ade-4585-8ef3-b59bdaf29cbc;43d22e24-7672-4e4f-9536-0407cc377bac
2026-01-01 21:16:12;DeviceRegisteredEvent;203d5123-0579-4f5d-af4e-5eb4a12bdb7f;a4ea96f1-72a8-455f-b950-9d262223c74f
2026-01-01 21:16:12;DeviceRegisteredEvent;d296110f-b70f-4240-b597-d7f9d6c303a4;5c692646-a30f-4e30-b2ea-8118cfc4c69e
2026-01-01 21:16:12;DeviceRegisteredEvent;68b8b9fb-4911-4bb4-81d8-8cd43be1af95;a45a3fdb-859e-4d92-a2aa-822076f20f2b
2026-01-01 21:16:12;DeviceRegisteredEvent;89a792ce-a125-48d6-91f6-cbaeea1f475b;7d1ba1cd-8b61-4fbf-8f66-9d396db4bb99
2026-01-01 21:16:12;DeviceRegisteredEvent;02a6ad0f-ef51-4db0-bff1-bd35b387f362;0ed2284b-1d22-4770-80d9-86d489781ddd
2026-01-01 21:16:12;DeviceRegisteredEvent;ad33610e-ba20-40b9-861a-db3342d904b0;5fd1ec1c-3128-4dba-8253-6a8d2737252c
2026-01-01 21:16:12;DeviceRegisteredEvent;858eb179-338d-4a0d-a767-ec6151e49576;14d06763-0702-4ae1-b591-602477e831d5
2026-01-01 21:16:12;DeviceRegisteredEvent;1a95d350-6822-4e01-945f-ff4279059b71;9c22fd6c-4fbd-4d34-8018-7f1157196530
2026-01-01 21:16:12;LogPointEvent;4ba4b6ee-7e6b-4b73-bdb7-2361db6c6667;13db4ec1-5da5-499b-9c16-d5083a8ae6d7
2026-01-01 21:16:12;CacheReadyEvent;1a95d350-6822-4e01-945f-ff4279059b71;8f053e29-5884-4d80-a7c5-7a0eab21e6f2
2026-01-01 21:16:12;DeviceRegisteredEvent;09453ee3-c994-4eab-9d41-60a8f6c3ca29;0f336f7b-e328-4a2a-9d21-ac899f427b00
2026-01-01 21:16:12;DeviceRegisteredEvent;b90e5541-9b10-4477-ab7c-b202d962f548;f4b81b70-a1ff-4d8f-816a-3600af963fff
2026-01-01 21:16:12;DeviceRegisteredEvent;a7285631-1410-4b59-b1cf-e51fb665be48;b2efce9c-2db8-4dec-9e15-9e23352b834d
2026-01-01 21:16:12;DeviceRegisteredEvent;8712168a-605c-497c-85af-e9ce5658ee54;473215f0-8208-4610-902e-7b38aea1082a
2026-01-01 21:16:12;DeviceRegisteredEvent;fd512473-74a2-4033-80be-bcd389e4258f;4ba04db5-b9e5-4c78-a91b-a6d5bc1b3772
2026-01-01 21:16:12;DeviceRegisteredEvent;64cb1434-70ff-43b5-9171-2ea64557032f;ca55e368-5853-4e5e-a269-6dc4d3381da8
2026-01-01 21:16:12;DeviceRegisteredEvent;174c864e-825e-41e9-946d-d25b32c72ed6;f3515561-6295-42b4-8592-0e8edd1c004c
2026-01-01 21:16:12;DeviceRegisteredEvent;f6cd547e-8981-4cf2-be71-9e4408e9da61;ec7d06b9-3149-4db1-9b1d-67b6d2a12f59
2026-01-01 21:16:12;DeviceRegisteredEvent;ab4d0841-5944-4061-b6f3-4f4ec3600d7c;dc773c5e-ea69-440c-b9f7-26eab05cf0c7
2026-01-01 21:16:12;DeviceRegisteredEvent;be504c2c-9186-4002-9cb8-41ddd9716d52;8c7dd241-717b-4eb8-a73f-e65590b41468
2026-01-01 21:16:12;DeviceRegisteredEvent;0e5580aa-f22b-4643-bc54-56ded4eda88a;98a8a673-bb92-4b25-9d7d-88e6ae50155a
2026-01-01 21:16:12;DeviceRegisteredEvent;3807b311-4052-426a-b98a-e8639a7f7de4;edb93d13-53c3-4017-b532-d3849e2e1ef1
2026-01-01 21:16:12;DeviceRegisteredEvent;83d67545-eb0b-4945-8bb6-b45b5a4b65fd;61b04b50-b699-4c0a-aaf0-6d8203b6518e
2026-01-01 21:16:12;DeviceRegisteredEvent;2ff8a4b3-0565-41d5-82dd-bcb64fe9bf54;7ab71344-88cd-4f33-bb4a-fd4c6be99464
2026-01-01 21:16:12;DeviceRegisteredEvent;995d9793-b81c-417c-a014-c9244cbd7f6c;b2e4a0bd-60bf-492e-95b1-6e6554f15fec
2026-01-01 21:16:12;DeviceRegisteredEvent;ba942a28-c41d-4f7c-ac96-5c7e33a6cfd6;55c3d2ae-dc1f-4d7a-8662-e705b8de2fda
2026-01-01 21:16:12;DeviceRegisteredEvent;7b2dc4fa-9bcb-4023-b2c1-64a403e37bb8;1c1584e0-9298-4a70-aaeb-2697565493b0
2026-01-01 21:16:12;ResponseCustomerValueEnrichmentEvent;4ba4b6ee-7e6b-4b73-bdb7-2361db6c6667;65deb847-86d8-4ca3-b7ba-f945ff26c520
2026-01-01 21:16:12;MqttMessageReceivedEvent;4ba4b6ee-7e6b-4b73-bdb7-2361db6c6667;2a1aef50-a49a-4ed2-b52b-c205c77ee03b
2026-01-01 21:16:12;CacheReadyEvent;7b2dc4fa-9bcb-4023-b2c1-64a403e37bb8;20515907-9bc1-4543-855f-de4b33886dd3
2026-01-01 21:16:12;CustomerLoadedEvent;7b2dc4fa-9bcb-4023-b2c1-64a403e37bb8;89e9c12b-0aa1-4641-acb2-8839343ca6b8
2026-01-01 21:16:12;ValueReceivedEvent;4ba4b6ee-7e6b-4b73-bdb7-2361db6c6667;0018fcde-81a0-4316-96a9-887cf5a13e19
2026-01-01 21:16:12;TopicBoundEvent;7b2dc4fa-9bcb-4023-b2c1-64a403e37bb8;cf949863-b1bc-4027-bdf6-a0519ddb824a
2026-01-01 21:16:12;LogPointEvent;4ba4b6ee-7e6b-4b73-bdb7-2361db6c6667;c5a582f2-a07e-48e4-a3ff-e2d1f571dd96
2026-01-01 21:16:12;DeviceRegisteredEvent;7b2dc4fa-9bcb-4023-b2c1-64a403e37bb8;46177d7c-a68a-45e0-8cf6-c55d26a77ee5
2026-01-01 21:16:12;ResponseCustomerValueEnrichmentEvent;4ba4b6ee-7e6b-4b73-bdb7-2361db6c6667;dd79976f-3ce1-4fbf-9a9b-a27dcc372bc8
2026-01-01 21:16:12;CacheReadyEvent;7b2dc4fa-9bcb-4023-b2c1-64a403e37bb8;a134914b-f742-4981-b058-c77e95cf3171
2026-01-01 21:16:12;MqttMessageReceivedEvent;4ba4b6ee-7e6b-4b73-bdb7-2361db6c6667;d05270c8-5bf5-4282-a700-a1e564c1f019
2026-01-01 21:16:12;CacheReadyEvent;7b2dc4fa-9bcb-4023-b2c1-64a403e37bb8;7766ad32-d269-48f5-b69d-fab4d083c4e8
2026-01-01 21:16:12;ValueReceivedEvent;4ba4b6ee-7e6b-4b73-bdb7-2361db6c6667;57db79dc-5186-4f5c-8f64-d4e82064acd3
2026-01-01 21:16:12;CacheReadyEvent;7b2dc4fa-9bcb-4023-b2c1-64a403e37bb8;e379b8f1-2fd8-421a-8b36-53a5e19a106d
2026-01-01 21:16:12;TopicBoundEvent;7b2dc4fa-9bcb-4023-b2c1-64a403e37bb8;5770dfb1-dfee-49ef-9360-a5ad5f329857
2026-01-01 21:16:12;LogPointEvent;4ba4b6ee-7e6b-4b73-bdb7-2361db6c6667;85d0504d-04d6-4f3b-aaa2-92cb2f4dea1f
2026-01-01 21:16:12;CacheReadyEvent;7b2dc4fa-9bcb-4023-b2c1-64a403e37bb8;b49a92c0-f462-4fc7-a7c3-4e73c37780ba
2026-01-01 21:16:12;CacheReadyEvent;7b2dc4fa-9bcb-4023-b2c1-64a403e37bb8;10238f2e-34d3-4921-9b02-90d9e99b09f8
2026-01-01 21:16:12;ValueReceivedEvent;4ba4b6ee-7e6b-4b73-bdb7-2361db6c6667;edbe88fd-fdff-40bc-b40a-7c23e1bcb9c8
2026-01-01 21:16:12;TopicBoundEvent;6ca9dc4f-4971-4f77-ac9c-ce0607a427e5;77930c58-972c-495a-a366-dc7f096a1bfb
2026-01-01 21:16:12;MqttMessageReceivedEvent;4ba4b6ee-7e6b-4b73-bdb7-2361db6c6667;90cf74d3-2b85-4314-a1c5-155bd99b178a
2026-01-01 21:16:13;TopicBoundEvent;802585bf-9826-41b7-9e16-879fa78a28ca;9ba676b5-ed26-4a9a-a959-d5487a25ddec
2026-01-01 21:16:13;MqttMessageReceivedEvent;4ba4b6ee-7e6b-4b73-bdb7-2361db6c6667;c243aefc-abf7-45e4-ae2b-6331fa28a209
2026-01-01 21:16:13;TopicBoundEvent;568ad50d-96e7-4b4d-8fc0-afc85ebc867d;77583a14-ce86-4c97-a686-e1d1fadc9411
2026-01-01 21:16:13;MqttMessageReceivedEvent;4ba4b6ee-7e6b-4b73-bdb7-2361db6c6667;eb739f2e-2e5c-4701-9b5f-89f986a77ce3
2026-01-01 21:16:13;TopicBoundEvent;5fb6d435-a810-4356-a35f-c0ded0490a12;b39c9b11-f415-4fc4-a869-fa8227397fcf
2026-01-01 21:16:13;MqttMessageReceivedEvent;4ba4b6ee-7e6b-4b73-bdb7-2361db6c6667;224912bd-ef08-4a34-9647-8c9e1507fd9d
2026-01-01 21:16:15;ChangeCustomerDataEvent;5f2b7082-4d57-47a1-bb12-7656dd949faf;2e388892-dcd0-4631-b9bf-035719413adb
2026-01-01 21:17:14;BrokerConnectionEvent;BrokerConnectionEvent;6fcf262b-63b5-4cbb-9e41-f1844d2b2032
2026-01-01 21:17:14;SystemStartingEvent;7da1c88d-7ed0-48fd-99fe-ba1545437ff8;b4ba4897-4b23-4760-b679-b055f143e661
2026-01-01 21:17:14;DeviceRegisteredEvent;5fa71820-afe5-4faa-bbd8-2478361ae93f;d1c3357a-19a6-4440-813d-f5e5b2552785
2026-01-01 21:17:14;DeviceRegisteredEvent;4fff1638-e533-41f5-a5d9-b161344cdc05;7e89e685-c3eb-4d4e-bbd3-f1d2d12c01c8
2026-01-01 21:17:14;DeviceRegisteredEvent;4c5c08a7-8a7f-471b-9dbf-40362c513a41;4935c87b-c1ca-4c68-906a-a25945f7ec2f
2026-01-01 21:17:14;DeviceRegisteredEvent;7d6948e1-9fd5-4c7c-8877-008e64df001d;8a4787e7-217d-423b-bfa1-9584b6c53432
2026-01-01 21:17:14;DeviceRegisteredEvent;7eeeac91-ff3e-4deb-9222-19a597f6447f;9996f8d4-1c46-4767-91aa-f4de0850952b
2026-01-01 21:17:14;DeviceRegisteredEvent;9e3fe1c4-e694-48de-be46-5f1ed7fed27a;22b68011-746f-4ad1-9921-03864b8208e8
2026-01-01 21:17:14;DeviceRegisteredEvent;638f515d-6d79-4912-a2d5-10066e648fad;a1fd844f-0e7c-4fb2-8d01-88e0d123c1f5
2026-01-01 21:17:14;DeviceRegisteredEvent;092979ad-7f0d-477a-9b9a-cbbea1d1ba94;ff17415d-f245-4225-89eb-58dd110ba92d
2026-01-01 21:17:14;TopicBoundEvent;05df9267-7fa8-4a58-a1c0-783c56228d2f;313f6519-390f-4ef1-a4f1-f684c658cc40
2026-01-01 21:17:14;TopicBoundEvent;092979ad-7f0d-477a-9b9a-cbbea1d1ba94;0d1d98f6-9e9d-47b1-a141-a60559d454ba
2026-01-01 21:17:14;DeviceRegisteredEvent;fe9d14de-b3b4-4ea7-92a5-8d191eacd98d;2befe029-6128-4230-b152-5e9d5e7c61fb
2026-01-01 21:17:14;DeviceRegisteredEvent;7aa6c614-4d0e-4e55-815a-3fe7f1900e1a;9c8560be-95f4-428b-9153-94de2296f35e
2026-01-01 21:17:14;MqttMessageReceivedEvent;839dd631-1592-43cd-87aa-b82943a4bdda;d194b1ef-0d47-4aab-b8a7-5ecd0f60b47b
2026-01-01 21:17:14;DeviceRegisteredEvent;dcade45e-883a-4a20-acb2-2caa7c2e3507;1a04021c-6022-4218-9d2d-c2ac69fe9a4c
2026-01-01 21:17:14;TopicBoundEvent;630a10e6-812f-451b-bda8-b6eae6cd4be9;ced409a2-129b-48cd-a9f4-f96312074f0d
2026-01-01 21:17:14;MqttMessageReceivedEvent;839dd631-1592-43cd-87aa-b82943a4bdda;ee28d498-898c-40c9-ab4e-536f1c5e2b62
2026-01-01 21:17:14;CacheReadyEvent;dcade45e-883a-4a20-acb2-2caa7c2e3507;2332904c-b78a-467f-94f4-54027be77ca1
2026-01-01 21:17:14;DeviceRegisteredEvent;fbd9184d-b7a3-4fde-8ad2-a8b8cbff85da;0aed6c4a-e0b8-47fd-8393-484678ad4d3e
2026-01-01 21:17:14;DeviceRegisteredEvent;c1ea571d-9547-4224-a4cb-728adeb09c3f;e02cc8a0-8105-437c-b080-1ca6f017ae15
2026-01-01 21:17:14;DeviceRegisteredEvent;010aa9f9-73b7-4162-be2e-21338edb9098;ff77166a-9d37-45c3-94e2-4c8cbfa9bd91
2026-01-01 21:17:14;DeviceRegisteredEvent;82da2bf5-50ff-4556-9452-be186438906c;49e1ee1d-3590-4dd1-a597-aa8c62cdec01
2026-01-01 21:17:14;DeviceRegisteredEvent;dfd94c79-b4d0-4bc2-982e-a1550bd03fd6;5bc05693-e5ee-4dd4-9b23-e0500ff39af5
2026-01-01 21:17:14;DeviceRegisteredEvent;221c3fd3-4d4d-4e42-a4df-943b88f9832c;3f5e932d-d058-422b-88f0-4a400b0a4fd5
2026-01-01 21:17:14;DeviceRegisteredEvent;24773fee-48e7-45aa-856a-7e541f732775;85fefd94-19dc-4592-8601-42544d0d9884
2026-01-01 21:17:14;DeviceRegisteredEvent;e7ce7891-7956-40c8-85a3-b783098b61b3;ab9d5208-da6a-46e7-9c1d-ac4524986d6d
2026-01-01 21:17:14;DeviceRegisteredEvent;3bbe116a-4b7c-4989-9674-6bf50b372203;36aaf049-5063-47e7-beed-8a36e0bd242d
2026-01-01 21:17:14;DeviceRegisteredEvent;7e0470fd-6168-461e-970b-a606405e9d08;0c2c9046-1a43-4a96-b092-1d9452d7acda
2026-01-01 21:17:14;DeviceRegisteredEvent;a555eb70-e7e7-4a31-9ecb-7e07988693bc;30c1bd49-a038-4bb0-8da9-c66771bf6ce6
2026-01-01 21:17:14;DeviceRegisteredEvent;9928db77-ea3f-46ed-b5a3-c672d950b0ea;518f2fcd-0578-4e76-abab-dd1e635f69cc
2026-01-01 21:17:14;DeviceRegisteredEvent;93670cd3-34a6-4ea6-81d4-f53fb0264251;a7a1c97d-de05-4d46-aa4a-045af3b5b8de
2026-01-01 21:17:14;DeviceRegisteredEvent;155a4f91-fc5e-4cfb-9ad2-309b67051e1d;abbf999b-cfa0-4738-9260-3219364468bc
2026-01-01 21:17:14;DeviceRegisteredEvent;fe8f6024-ace4-464a-a4ba-145777e8b9bb;cb03bede-c308-43b4-b4c4-fc172635c325
2026-01-01 21:17:14;DeviceRegisteredEvent;f6b028a2-1a16-4357-bf00-c68a3ea627b9;cce02ac1-a91f-4a39-9d6e-2a9ee4372920
2026-01-01 21:17:14;DeviceRegisteredEvent;4a7cd9cc-51d2-4ae8-900f-fa91dff1ee68;1d3a9291-7b82-4ccb-870b-dfb2bcd465bc
2026-01-01 21:17:14;DeviceRegisteredEvent;c76afc8c-e14e-4d7e-860e-2e7573fe381b;80aa9072-32fa-4c8d-aac9-88e90dca1ea4
2026-01-01 21:17:14;DeviceRegisteredEvent;10cbe256-feda-4379-98bf-cf4537eb189c;20d59614-8160-4c4b-99ea-7b0bae709522
2026-01-01 21:17:14;DeviceRegisteredEvent;325b0d9f-0e57-49bd-8ec1-be1c40526b3d;82b1d896-03d0-481a-9b59-93deb5567ae2
2026-01-01 21:17:14;DeviceRegisteredEvent;722f7479-52ac-4f8c-8217-72471d07fc1e;b4ceafd2-68a4-41c8-850d-7810b2660dd7
2026-01-01 21:17:14;DeviceRegisteredEvent;90cee265-4260-4eed-8909-a8014f31c8b6;f98fec21-222c-4ddf-9634-893d1def78d4
2026-01-01 21:17:14;DeviceRegisteredEvent;01a63dab-a1bc-4740-b216-4b5223924058;24116022-a4b5-472f-a26d-c25a2882a2b1
2026-01-01 21:17:14;DeviceRegisteredEvent;f3d1cfad-da96-4efc-af27-18a54319c75d;691ca083-69e8-43b4-a2e9-1ab628fe183b
2026-01-01 21:17:14;DeviceRegisteredEvent;89aea6a4-2f65-4ff2-beea-5539e0adae61;91cac8e8-9fc8-4cc1-874f-5f643de00ff3
2026-01-01 21:17:14;DeviceRegisteredEvent;8ef59c8e-24c6-4a60-91dc-b097af02bf53;5e4ea835-9969-4f78-b97a-49781062c83d
2026-01-01 21:17:14;DeviceRegisteredEvent;6ef4f431-9b6d-46f7-b084-5c9e7a1008b3;8ab85977-b93a-44a6-ac60-f176b893a860
2026-01-01 21:17:14;DeviceRegisteredEvent;bcaf5f0c-7c3a-4471-aeb9-1a1f882f2605;a484d940-7fbe-475b-8f63-5190b94ffcc4
2026-01-01 21:17:14;DeviceRegisteredEvent;3773565d-d02a-4923-a14a-42d2d041a2f0;2a350a65-dedc-4a9b-b824-ae179c51ff46
2026-01-01 21:17:14;DeviceRegisteredEvent;84d7343f-5c54-44eb-842d-dd9b7014eac7;b975a26d-3e64-4027-b949-deffb14a362e
2026-01-01 21:17:14;DeviceRegisteredEvent;c5647155-ef4e-4964-9fdd-c8cc1ae6251f;b5831789-1cdc-47c1-bff7-152d7fb2bbca
2026-01-01 21:17:14;DeviceRegisteredEvent;65b1fa8d-bef1-42d8-bfb2-a7584d657dc9;e3546a90-9bf8-46be-ac00-2676b252f1be
2026-01-01 21:17:14;DeviceRegisteredEvent;b19c5555-4dac-4a9c-9f1e-e176e698dd45;042acde1-7416-4c85-8c39-52dfb7a6ddc6
2026-01-01 21:17:14;DeviceRegisteredEvent;0275c18c-72b2-4a10-a83e-a95415f9519b;df1322b8-5924-4052-9e9a-5aafec1b716a
2026-01-01 21:17:14;DeviceRegisteredEvent;e55cdcd6-4ddb-4555-b431-606514594ea3;86e3d058-b394-4636-ab54-1151d597b092
2026-01-01 21:17:14;DeviceRegisteredEvent;d57f0af3-0207-43f6-9585-68f40ed96dae;326d7f1b-25dc-4a88-a21e-75d88e7ba6e9
2026-01-01 21:17:14;DeviceRegisteredEvent;2c9fdaa6-b3c6-48cd-99e0-7dd4b5fce0e7;03f1cf7f-0def-4ae1-891f-f78492a820cc
2026-01-01 21:17:14;DeviceRegisteredEvent;ad3dade0-1fa8-4f12-b9a2-99da634c9e5e;ffbbc403-8caa-40f5-8f4c-69b90af47dc6
2026-01-01 21:17:14;ValueReceivedEvent;839dd631-1592-43cd-87aa-b82943a4bdda;68b578d9-5a57-4965-9b6b-ebd1e910d1ac
2026-01-01 21:17:14;CacheReadyEvent;ad3dade0-1fa8-4f12-b9a2-99da634c9e5e;f1ff34d5-a62f-449f-b7ed-b5ff09d7739f
2026-01-01 21:17:14;DeviceRegisteredEvent;72f03842-52bf-433b-bd07-15a66f0f6349;3c959a4f-da2d-471f-9cd2-13e35b41ef50
2026-01-01 21:17:14;DeviceRegisteredEvent;2dae1bf0-394e-4866-968e-b0593580d2c5;fb0fd815-baf6-4ea1-8421-b026665bdf5c
2026-01-01 21:17:14;RequestCustomerValueEnrichmentEvent;839dd631-1592-43cd-87aa-b82943a4bdda;af2c5753-318e-4813-a3b2-53d2a0e01605
2026-01-01 21:17:14;DeviceRegisteredEvent;cb6b2a8d-39e5-498f-b7b0-0ed9fbd70e05;644bd72f-845b-4b18-b763-62de50b40e32
2026-01-01 21:17:14;DeviceRegisteredEvent;2e36354c-e986-4d9b-b2bb-6074cb36c6cf;4c5c7687-9364-4320-91d2-7249781d03e6
2026-01-01 21:17:14;DeviceRegisteredEvent;489af207-b578-42b8-a7b1-516b9ef6fc8c;5dedcb14-8422-41dc-913a-d0f51a72b3bb
2026-01-01 21:17:14;DeviceRegisteredEvent;bf2d4e34-d7d2-4c57-8223-6f131783a642;20b4068a-5fd6-477f-b010-b5c38a7ae756
2026-01-01 21:17:14;DeviceRegisteredEvent;1c2850b7-9bbf-46f6-a4fa-aac9fc4adc3e;d72061f7-307a-4bd9-8782-3217d7632c0a
2026-01-01 21:17:14;DeviceRegisteredEvent;9b6fee56-1d4c-4821-a0c4-05a2cef5f56e;7fed8b33-ec91-423b-8499-815451a43b16
2026-01-01 21:17:14;DeviceRegisteredEvent;63a13757-4e0f-4073-adc7-15bbc898bb33;fc34434f-2189-4235-9090-5b6981873734
2026-01-01 21:17:14;DeviceRegisteredEvent;720527ad-87e5-44d0-9ac3-60a4d5fd62e1;edbbefa0-8728-4d19-9169-9d3b88963529
2026-01-01 21:17:14;DeviceRegisteredEvent;9142e30a-2919-4bc4-9539-2f8a2af7e4c8;87fce1df-68f8-44c3-8a92-fe44e1ffb787
2026-01-01 21:17:14;DeviceRegisteredEvent;45eebdb9-7140-4ade-8439-d314ed1c73cc;40914a91-95c2-4389-8941-e5ddb2a2ecb6
2026-01-01 21:17:14;DeviceRegisteredEvent;8a28a04e-9fc4-4c80-86ed-140a3c8fba70;d0cd3029-f87d-47a8-b17c-e010df3af88c
2026-01-01 21:17:14;DeviceRegisteredEvent;45bcf68c-26b4-4f24-b716-a08ae2c49e63;78bb352f-5167-4a47-92bb-37c383d12f5c
2026-01-01 21:17:14;DeviceRegisteredEvent;f0dfe88c-7aec-4d69-9d7c-9fb3d63b939d;afd8744e-4fa7-4f9a-8492-c0cd5800fecd
2026-01-01 21:17:14;DeviceRegisteredEvent;7616ba4c-8d0c-47f5-8b7e-8fc8c1e54a54;c79a5e56-0a01-4f6a-b865-9139988eb1fb
2026-01-01 21:17:14;DeviceRegisteredEvent;595b85cf-88a0-4f37-a71a-5f44074fc8ed;26150369-e688-4690-818e-d43b96d8ccb8
2026-01-01 21:17:14;DeviceRegisteredEvent;96ebe192-ffd6-4298-9dbb-1b2cd57dd55a;a94fe67b-6485-4126-aa5a-6914b84e1203
2026-01-01 21:17:14;DeviceRegisteredEvent;e4c9e1be-e224-42a7-9bf3-1b904097b772;5cdfc06a-32a1-45fc-847e-c422996f3fb0
2026-01-01 21:17:14;DeviceRegisteredEvent;e620d5fa-7a6d-44ad-825c-73843f28cd8d;54d025c0-5e2c-4bb5-a5fd-3e4715dd4fef
2026-01-01 21:17:14;DeviceRegisteredEvent;217338b5-6e58-4c7a-9d6c-c1ddd461b322;334d1e3b-2289-4358-8f36-91a8bf25d541
2026-01-01 21:17:14;DeviceRegisteredEvent;96eefa86-4f89-4500-902e-8363d7c11544;1c51d28a-26a6-4746-8415-b20adf1e4776
2026-01-01 21:17:14;TopicBoundEvent;96eefa86-4f89-4500-902e-8363d7c11544;91f7cdce-49d8-46d3-addd-1b1996303c54
2026-01-01 21:17:14;DeviceRegisteredEvent;43b85514-f2f0-4bc6-9b82-05a115991d9a;3b2d4ffc-bd0e-4085-92f5-e54fcf524b5e
2026-01-01 21:17:14;DeviceRegisteredEvent;4e3a0891-61fe-4849-ae83-4af3a2fdaec8;88cb36c7-ebe1-4757-909c-8240c8b64fbb
2026-01-01 21:17:14;DeviceRegisteredEvent;167e56a0-4412-4555-bae6-43237fde5f4e;2044340d-e775-42bd-9125-63eb75676539
2026-01-01 21:17:14;DeviceRegisteredEvent;17fa1b96-815d-4941-889f-379918737e86;83a04db3-bd6d-4935-8971-0405c631cdb6
2026-01-01 21:17:14;DeviceRegisteredEvent;156039e1-6c55-47de-bd6b-665107f7a32a;eba199a5-aa1b-4527-9c1a-0be7311e10ba
2026-01-01 21:17:14;DeviceRegisteredEvent;1b9185ff-ac13-4da4-8944-6659ecb3999f;6ea5203a-be93-445f-9134-58650068d0d5
2026-01-01 21:17:14;DeviceRegisteredEvent;20c4d582-6fe1-489f-8dbf-63ab044b1f8d;35de8315-f5b3-4da7-ac67-5eaf2a07fe0c
2026-01-01 21:17:14;DeviceRegisteredEvent;17e4a11b-9ed4-4c69-b050-a5545a2127fd;42f484d5-aa1c-4ba3-9cb9-f40c9188bfd0
2026-01-01 21:17:14;DeviceRegisteredEvent;d5b71865-3e1d-4291-8027-3a08034d818d;21ae1359-5e84-4eb7-8efd-c3558e11fe7a
2026-01-01 21:17:14;DeviceRegisteredEvent;0b3a37b0-dca1-4c46-9717-ad3abd44eb5e;094dc48e-a438-4685-ae37-336fa31c3d23
2026-01-01 21:17:14;DeviceRegisteredEvent;c42c2f51-8524-4f15-a17f-8afd5abaf983;1dfd7213-455f-4d18-82ae-973240ab3471
2026-01-01 21:17:14;DeviceRegisteredEvent;c3776b7a-56d0-465b-be56-a686a9c137d9;0d16bf03-7de5-438d-9f05-1de8bf9a56a3
2026-01-01 21:17:14;DeviceRegisteredEvent;6ae49207-c4e5-485a-ac09-f8bf33bf3f1e;e5461353-f425-46bf-8fd9-535fb3d6d0a7
2026-01-01 21:17:14;DeviceRegisteredEvent;6c5b723e-5b07-4e2a-b5de-3751094c766e;a38c41db-fd43-428e-b721-ae96f51a1b45
2026-01-01 21:17:14;DeviceRegisteredEvent;efbfa83e-8c36-43f7-b5c5-b5105889c194;0683a822-f6b1-4847-8ec7-db3b93f43553
2026-01-01 21:17:14;DeviceRegisteredEvent;a1b81a1d-28d0-4669-a9fc-a60f2055950b;bc5e8b14-1a3a-443f-bfea-0decdd82c22d
2026-01-01 21:17:14;DeviceRegisteredEvent;589e4cac-861a-459a-a318-a0c495251bfe;91ac4669-26e7-4021-824c-3d1be1da3743
2026-01-01 21:17:14;TopicBoundEvent;589e4cac-861a-459a-a318-a0c495251bfe;266522bf-3550-47f9-800d-a6e1f0996742
2026-01-01 21:17:14;ResponseCustomerValueEnrichmentEvent;839dd631-1592-43cd-87aa-b82943a4bdda;6bf69cb8-ce9c-4ad8-afa4-a721efcab5a0
2026-01-01 21:17:14;MqttMessageReceivedEvent;839dd631-1592-43cd-87aa-b82943a4bdda;f8f8a63b-f8e4-4131-9bda-5769f7ee5150
2026-01-01 21:17:14;CacheReadyEvent;589e4cac-861a-459a-a318-a0c495251bfe;4fe512f3-fc27-4958-98d0-b3c443ed12c2
2026-01-01 21:17:14;RequestCustomerValueEnrichmentEvent;839dd631-1592-43cd-87aa-b82943a4bdda;9b89d1cc-35c4-4be1-a296-bed28af726f8
2026-01-01 21:17:14;DeviceRegisteredEvent;2195cd56-063b-498a-ac75-60487c887daa;c074b199-b290-489e-b101-428af404e42d
2026-01-01 21:17:14;DeviceRegisteredEvent;9cd07971-3b2d-4d7e-822c-3a1be963d154;d40ecccf-dae8-4d21-95d1-5235d608337b
2026-01-01 21:17:14;DeviceRegisteredEvent;11253c12-0bc8-4346-baa6-7c2e5d0b4170;c48b1a14-6f12-4ea2-84f8-d659ccfc15ed
2026-01-01 21:17:14;DeviceRegisteredEvent;db13fbff-0cea-4ae2-bba9-f758613675d2;2b30ce77-b7e1-4b56-9c87-b468ef350d9f
2026-01-01 21:17:14;DeviceRegisteredEvent;02d4cde6-2989-48a2-b54e-57b9785a27be;9a62b748-9428-4856-a934-5c57c1e6722a
2026-01-01 21:17:14;DeviceRegisteredEvent;0246e4b5-35e1-4ff0-be0c-6d402afbe084;19eb330a-96ae-4f3b-b169-300ad6712202
2026-01-01 21:17:14;DeviceRegisteredEvent;5e7c9527-9db8-42dc-a845-b69e77ed5de1;70ee572a-cd7f-43d9-8817-ba9cf304f6a2
2026-01-01 21:17:14;DeviceRegisteredEvent;f744974f-2492-4fbb-aa5e-553e1a757126;6cdb8a0b-9ff4-465d-b527-ce976beb834f
2026-01-01 21:17:14;DeviceRegisteredEvent;c8b628e0-332f-4b32-b2dd-986b6199bb4f;298c4ca9-c777-4266-94ed-9d182f26180b
2026-01-01 21:17:14;DeviceRegisteredEvent;4c3625a4-3117-401f-ac4f-d4c8f59a4a1b;83f08f3f-7d27-453c-82cd-446d6bcb8277
2026-01-01 21:17:14;DeviceRegisteredEvent;b7f8e28d-e00f-4cdc-860c-b8cf4b40af56;2bfee377-a377-4750-8e3f-64925393c640
2026-01-01 21:17:14;DeviceRegisteredEvent;05d3fb83-5439-4899-83e7-6e66c8a3b15c;de617aa5-7ab8-4da8-a749-22b8a41e823f
2026-01-01 21:17:14;DeviceRegisteredEvent;b2ba0483-5a4e-4397-9c69-9b32c2ed42ba;59e8c6cb-6ea8-4334-a7af-80769621b4c7
2026-01-01 21:17:14;DeviceRegisteredEvent;e607a822-1e4f-40fe-938c-603498fcd640;75504f20-3cd2-4529-b7ff-45a7502dca6c
2026-01-01 21:17:14;DeviceRegisteredEvent;7da1c88d-7ed0-48fd-99fe-ba1545437ff8;d0297cb4-440b-4cff-8041-1830a28e800a
2026-01-01 21:17:14;CacheReadyEvent;7da1c88d-7ed0-48fd-99fe-ba1545437ff8;4eab7fad-ab71-455c-bc9b-13ebbac8d025
2026-01-01 21:17:14;LogPointEvent;839dd631-1592-43cd-87aa-b82943a4bdda;db193834-a2ef-4b7b-b481-b2c8d4e58f41
2026-01-01 21:17:14;ResponseCustomerValueEnrichmentEvent;839dd631-1592-43cd-87aa-b82943a4bdda;194975f8-5edb-4fd7-907c-da9561b92dc9
2026-01-01 21:17:14;TopicBoundEvent;7da1c88d-7ed0-48fd-99fe-ba1545437ff8;3e7fd1fb-37b6-457c-aaa0-2d367cc183af
2026-01-01 21:17:14;MqttMessageReceivedEvent;839dd631-1592-43cd-87aa-b82943a4bdda;dbf8b26b-26c4-4d21-bdae-e2e02496e19c
2026-01-01 21:17:14;CacheReadyEvent;7da1c88d-7ed0-48fd-99fe-ba1545437ff8;11aee806-ae22-4cc0-8d2c-6d1b6be10fb0
2026-01-01 21:17:14;ValueReceivedEvent;839dd631-1592-43cd-87aa-b82943a4bdda;6b3ae901-ed81-4395-b5dc-8d3a1d557b7e
2026-01-01 21:17:14;CustomerLoadedEvent;7da1c88d-7ed0-48fd-99fe-ba1545437ff8;c54e9ba0-9303-4dde-a045-21c3469f1c19
2026-01-01 21:17:14;RequestCustomerValueEnrichmentEvent;839dd631-1592-43cd-87aa-b82943a4bdda;908c15f3-fa3a-46b6-ab1c-7f31d232d5c1
2026-01-01 21:17:14;TopicBoundEvent;7da1c88d-7ed0-48fd-99fe-ba1545437ff8;5078ea9f-9e0c-42c6-9b06-1176b31de336
2026-01-01 21:17:14;CacheReadyEvent;7da1c88d-7ed0-48fd-99fe-ba1545437ff8;91184016-7cd5-4460-9344-f38fda0ceb24
2026-01-01 21:17:14;RequestCustomerValueEnrichmentEvent;839dd631-1592-43cd-87aa-b82943a4bdda;437a8f00-a4f1-4f60-8a4b-6ff37b9a6c20
2026-01-01 21:17:14;CustomerLoadedEvent;7da1c88d-7ed0-48fd-99fe-ba1545437ff8;c41c6e32-eb11-4680-8731-408ed4b6d1a9
2026-01-01 21:17:14;LogPointEvent;839dd631-1592-43cd-87aa-b82943a4bdda;6af4fea7-bea4-4ea1-986e-b72566f160da
2026-01-01 21:17:14;DeviceRegisteredEvent;7da1c88d-7ed0-48fd-99fe-ba1545437ff8;7db53303-d6f9-4c83-b617-4591a3533bd5
2026-01-01 21:17:14;TopicBoundEvent;7da1c88d-7ed0-48fd-99fe-ba1545437ff8;d761c2aa-2728-4681-bcbd-43631a97736d
2026-01-01 21:17:14;MqttMessageReceivedEvent;839dd631-1592-43cd-87aa-b82943a4bdda;a3764ea9-7618-4560-aeaf-c9807db5fd6e
2026-01-01 21:17:14;DeviceRegisteredEvent;7da1c88d-7ed0-48fd-99fe-ba1545437ff8;3e2ccd98-62c1-4835-a5d8-65ab6f95d969
2026-01-01 21:17:14;ValueReceivedEvent;839dd631-1592-43cd-87aa-b82943a4bdda;d4bc8e8f-f5b8-412c-a3af-1c8e9ef61ae3
2026-01-01 21:17:14;TopicBoundEvent;b0fa404d-a941-4ec5-8bbf-f603194b9c02;9779b4a8-fef9-4cf8-8ed0-31d8721b607b
2026-01-01 21:17:14;MqttMessageReceivedEvent;839dd631-1592-43cd-87aa-b82943a4bdda;09a27153-7205-437c-b78f-9b1a663e2a3a
2026-01-01 21:17:14;TopicBoundEvent;7f6141ac-dc2d-4ff2-882e-a61d7fbec9cb;225a9a1c-b333-401b-a78c-1bed5fc4fd53
2026-01-01 21:17:14;MqttMessageReceivedEvent;839dd631-1592-43cd-87aa-b82943a4bdda;a2201f8b-d19f-4f56-82e8-b9d7d0e4ba24
2026-01-01 21:17:14;TopicBoundEvent;ab83b657-f55e-4b9d-a49c-a32aa9c59cfa;3468543d-ec71-4cef-bd5b-f87e1a7c0fb9
2026-01-01 21:17:14;MqttMessageReceivedEvent;839dd631-1592-43cd-87aa-b82943a4bdda;fe45c052-e668-477b-8e5e-d877c4a67614
2026-01-01 21:17:14;TopicBoundEvent;1b5d2eb6-8bda-4f17-92ae-d85c80970242;3a4233d7-8fa3-4881-ba4d-df4ad2ad3df8
2026-01-01 21:17:14;MqttMessageReceivedEvent;839dd631-1592-43cd-87aa-b82943a4bdda;2f4496d1-301f-465c-9be4-61b6bcf97f14
2026-01-01 21:17:15;ChangeCustomerDataEvent;8a531fd8-55d9-4d57-a6a9-a61d6398566d;aee86b91-1d39-4946-91a5-116500585731
2026-01-01 21:17:21;ValueReceivedEvent;839dd631-1592-43cd-87aa-b82943a4bdda;40e75eb9-a208-4e29-b6cc-7412edf5ee6d
